2024-03-01 01:37:36.964 [info] Log level: Info
2024-03-01 01:37:36.964 [info] Validating found git in: "git"
2024-03-01 01:37:36.964 [info] Using git "2.30.2" from "git"
2024-03-01 01:37:36.964 [info] > git rev-parse --show-toplevel [3ms]
2024-03-01 01:37:36.964 [info] > git rev-parse --git-dir --git-common-dir [3ms]
2024-03-01 01:37:36.964 [info] Open repository: /home/loginemail122333/SOFE3980U-Lab3
2024-03-01 01:37:36.964 [info] > git config --get commit.template [7ms]
2024-03-01 01:37:36.965 [info] > git rev-parse --show-toplevel [4ms]
2024-03-01 01:37:36.979 [info] > git for-each-ref --format=%(refname)%00%(upstream:short)%00%(objectname)%00%(upstream:track)%00%(upstream:remotename)%00%(upstream:remoteref) refs/heads/main refs/remotes/main [9ms]
2024-03-01 01:37:37.920 [info] > git status -z -uall [935ms]
2024-03-01 01:37:37.921 [info] > git rev-parse --show-toplevel [942ms]
2024-03-01 01:37:38.070 [info] > git check-ignore -v -z --stdin [136ms]
2024-03-01 01:37:38.071 [info] > git rev-parse --show-toplevel [124ms]
2024-03-01 01:37:38.076 [info] > git config --get commit.template [26ms]
2024-03-01 01:37:38.384 [info] > git for-each-ref --format=%(refname)%00%(upstream:short)%00%(objectname)%00%(upstream:track)%00%(upstream:remotename)%00%(upstream:remoteref) refs/heads/main refs/remotes/main [229ms]
2024-03-01 01:37:38.431 [info] > git status -z -uall [28ms]
2024-03-01 01:37:38.466 [info] > git check-ignore -v -z --stdin [21ms]
2024-03-01 01:37:39.763 [info] > git check-ignore -v -z --stdin [31ms]
2024-03-01 01:37:41.247 [info] > git check-ignore -v -z --stdin [15ms]
2024-03-01 01:37:42.573 [info] > git check-ignore -v -z --stdin [5ms]
2024-03-01 01:40:40.993 [info] > git config --get commit.template [15ms]
2024-03-01 01:40:40.994 [info] > git for-each-ref --format=%(refname)%00%(upstream:short)%00%(objectname)%00%(upstream:track)%00%(upstream:remotename)%00%(upstream:remoteref) refs/heads/main refs/remotes/main [3ms]
2024-03-01 01:40:41.011 [info] > git status -z -uall [6ms]
2024-03-01 01:40:46.038 [info] > git config --get commit.template [3ms]
2024-03-01 01:40:46.058 [info] > git for-each-ref --format=%(refname)%00%(upstream:short)%00%(objectname)%00%(upstream:track)%00%(upstream:remotename)%00%(upstream:remoteref) refs/heads/main refs/remotes/main [3ms]
2024-03-01 01:40:46.078 [info] > git status -z -uall [5ms]
2024-03-01 01:41:26.953 [info] > git check-ignore -v -z --stdin [2ms]
2024-03-01 01:41:31.301 [info] > git config --get commit.template [1ms]
2024-03-01 01:41:31.317 [info] > git for-each-ref --format=%(refname)%00%(upstream:short)%00%(objectname)%00%(upstream:track)%00%(upstream:remotename)%00%(upstream:remoteref) refs/heads/main refs/remotes/main [2ms]
2024-03-01 01:41:31.343 [info] > git status -z -uall [6ms]
2024-03-01 01:41:35.110 [info] > git check-ignore -v -z --stdin [1ms]
2024-03-01 01:42:14.195 [info] > git config --get commit.template [4ms]
2024-03-01 01:42:14.209 [info] > git for-each-ref --format=%(refname)%00%(upstream:short)%00%(objectname)%00%(upstream:track)%00%(upstream:remotename)%00%(upstream:remoteref) refs/heads/main refs/remotes/main [2ms]
2024-03-01 01:42:14.225 [info] > git status -z -uall [5ms]
2024-03-01 01:42:15.523 [info] > git check-ignore -v -z --stdin [3ms]
2024-03-01 01:42:17.408 [info] > git check-ignore -v -z --stdin [2ms]
2024-03-01 01:42:31.534 [info] > git show --textconv :BinaryCalculatorWebapp/src/main/java/com.ontariotechu.sofe3980U/APIResult.java [99ms]
2024-03-01 01:42:31.551 [info] > git ls-files --stage -- /home/loginemail122333/SOFE3980U-Lab3/BinaryCalculatorWebapp/src/main/java/com.ontariotechu.sofe3980U/APIResult.java [54ms]
2024-03-01 01:42:31.605 [info] > git cat-file -s dd75aa8dbd60ed4052c2190312be67b151fffc57 [10ms]
2024-03-01 01:42:32.999 [info] > git config --get commit.template [2ms]
2024-03-01 01:42:33.013 [info] > git for-each-ref --format=%(refname)%00%(upstream:short)%00%(objectname)%00%(upstream:track)%00%(upstream:remotename)%00%(upstream:remoteref) refs/heads/main refs/remotes/main [1ms]
2024-03-01 01:42:33.028 [info] > git status -z -uall [5ms]
2024-03-01 01:42:46.462 [info] > git check-ignore -v -z --stdin [2ms]
2024-03-01 01:42:54.361 [info] > git show --textconv :BinaryCalculatorWebapp/src/main/resources/templates/calculator.html [42ms]
2024-03-01 01:42:54.368 [info] > git ls-files --stage -- /home/loginemail122333/SOFE3980U-Lab3/BinaryCalculatorWebapp/src/main/resources/templates/calculator.html [12ms]
2024-03-01 01:42:54.402 [info] > git cat-file -s 7805a8c1f19960238b280c74440cd020bd429e33 [7ms]
2024-03-01 01:42:55.446 [info] > git config --get commit.template [3ms]
2024-03-01 01:42:55.516 [info] > git for-each-ref --format=%(refname)%00%(upstream:short)%00%(objectname)%00%(upstream:track)%00%(upstream:remotename)%00%(upstream:remoteref) refs/heads/main refs/remotes/main [5ms]
2024-03-01 01:42:55.556 [info] > git status -z -uall [9ms]
2024-03-01 01:42:57.768 [info] > git check-ignore -v -z --stdin [2ms]
2024-03-01 01:43:13.613 [info] > git show --textconv :BinaryCalculatorWebapp/src/main/webapp/index.jsp [20ms]
2024-03-01 01:43:13.618 [info] > git ls-files --stage -- /home/loginemail122333/SOFE3980U-Lab3/BinaryCalculatorWebapp/src/main/webapp/index.jsp [7ms]
2024-03-01 01:43:13.676 [info] > git cat-file -s c38169bb958579c635a5c09ee2f379cc5956c0c2 [19ms]
2024-03-01 01:43:13.679 [info] > git check-ignore -v -z --stdin [4ms]
2024-03-01 01:43:14.381 [info] > git config --get commit.template [2ms]
2024-03-01 01:43:14.399 [info] > git for-each-ref --format=%(refname)%00%(upstream:short)%00%(objectname)%00%(upstream:track)%00%(upstream:remotename)%00%(upstream:remoteref) refs/heads/main refs/remotes/main [2ms]
2024-03-01 01:43:14.421 [info] > git status -z -uall [6ms]
2024-03-01 01:43:24.458 [info] > git show --textconv :BinaryCalculatorWebapp/src/main/webapp/WEB-INF/web.xml [14ms]
2024-03-01 01:43:24.458 [info] > git ls-files --stage -- /home/loginemail122333/SOFE3980U-Lab3/BinaryCalculatorWebapp/src/main/webapp/WEB-INF/web.xml [3ms]
2024-03-01 01:43:24.482 [info] > git cat-file -s 9f88c1f9632445500e3b3688fe477b860f77d8f2 [3ms]
2024-03-01 01:43:25.216 [info] > git config --get commit.template [2ms]
2024-03-01 01:43:25.230 [info] > git for-each-ref --format=%(refname)%00%(upstream:short)%00%(objectname)%00%(upstream:track)%00%(upstream:remotename)%00%(upstream:remoteref) refs/heads/main refs/remotes/main [1ms]
2024-03-01 01:43:25.246 [info] > git status -z -uall [5ms]
2024-03-01 01:43:43.414 [info] > git check-ignore -v -z --stdin [1ms]
2024-03-01 01:44:18.067 [info] > git config --get commit.template [42ms]
2024-03-01 01:44:18.074 [info] > git for-each-ref --format=%(refname)%00%(upstream:short)%00%(objectname)%00%(upstream:track)%00%(upstream:remotename)%00%(upstream:remoteref) refs/heads/main refs/remotes/main [7ms]
2024-03-01 01:44:18.107 [info] > git status -z -uall [10ms]
2024-03-01 01:44:19.722 [info] > git show --textconv :BinaryCalculatorWebapp/src/test/java/com.ontariotechu.sofe3980U/BinaryAPIControllerTest.java [24ms]
2024-03-01 01:44:19.728 [info] > git ls-files --stage -- /home/loginemail122333/SOFE3980U-Lab3/BinaryCalculatorWebapp/src/test/java/com.ontariotechu.sofe3980U/BinaryAPIControllerTest.java [7ms]
2024-03-01 01:44:19.778 [info] > git cat-file -s db2f5052be46349241e2b30c9c94874aea697c75 [14ms]
2024-03-01 01:44:19.823 [info] > git check-ignore -v -z --stdin [3ms]
2024-03-01 01:44:38.045 [info] > git config --get commit.template [1ms]
2024-03-01 01:44:38.063 [info] > git for-each-ref --format=%(refname)%00%(upstream:short)%00%(objectname)%00%(upstream:track)%00%(upstream:remotename)%00%(upstream:remoteref) refs/heads/main refs/remotes/main [2ms]
2024-03-01 01:44:38.086 [info] > git status -z -uall [6ms]
2024-03-01 01:44:40.866 [info] > git check-ignore -v -z --stdin [2ms]
2024-03-01 01:44:43.174 [info] > git check-ignore -v -z --stdin [1ms]
2024-03-01 01:44:46.690 [info] > git check-ignore -v -z --stdin [2ms]
2024-03-01 01:44:59.394 [info] > git config --get commit.template [2ms]
2024-03-01 01:44:59.407 [info] > git for-each-ref --format=%(refname)%00%(upstream:short)%00%(objectname)%00%(upstream:track)%00%(upstream:remotename)%00%(upstream:remoteref) refs/heads/main refs/remotes/main [1ms]
2024-03-01 01:44:59.424 [info] > git status -z -uall [6ms]
2024-03-01 01:45:04.448 [info] > git config --get commit.template [4ms]
2024-03-01 01:45:04.460 [info] > git for-each-ref --format=%(refname)%00%(upstream:short)%00%(objectname)%00%(upstream:track)%00%(upstream:remotename)%00%(upstream:remoteref) refs/heads/main refs/remotes/main [2ms]
2024-03-01 01:45:04.475 [info] > git status -z -uall [4ms]
2024-03-01 01:45:17.099 [info] > git config --get commit.template [13ms]
2024-03-01 01:45:17.099 [info] > git for-each-ref --format=%(refname)%00%(upstream:short)%00%(objectname)%00%(upstream:track)%00%(upstream:remotename)%00%(upstream:remoteref) refs/heads/main refs/remotes/main [2ms]
2024-03-01 01:45:17.115 [info] > git status -z -uall [5ms]
2024-03-01 01:45:27.513 [info] > git show --textconv :BinaryCalculatorWebapp/src/test/java/com.ontariotechu.sofe3980U/BinaryAPIControllerTest.java [19ms]
2024-03-01 01:45:27.514 [info] > git ls-files --stage -- /home/loginemail122333/SOFE3980U-Lab3/BinaryCalculatorWebapp/src/test/java/com.ontariotechu.sofe3980U/BinaryAPIControllerTest.java [3ms]
2024-03-01 01:45:27.556 [info] > git cat-file -s db2f5052be46349241e2b30c9c94874aea697c75 [18ms]
2024-03-01 01:45:30.577 [info] > git config --get commit.template [14ms]
2024-03-01 01:45:30.577 [info] > git for-each-ref --format=%(refname)%00%(upstream:short)%00%(objectname)%00%(upstream:track)%00%(upstream:remotename)%00%(upstream:remoteref) refs/heads/main refs/remotes/main [2ms]
2024-03-01 01:45:30.592 [info] > git status -z -uall [4ms]
2024-03-01 01:45:51.007 [info] > git check-ignore -v -z --stdin [2ms]
2024-03-01 01:46:00.317 [info] > git show --textconv :BinaryCalculatorWebapp/target/classes/templates/calculator.html [24ms]
2024-03-01 01:46:00.317 [info] > git ls-files --stage -- /home/loginemail122333/SOFE3980U-Lab3/BinaryCalculatorWebapp/target/classes/templates/calculator.html [3ms]
2024-03-01 01:46:00.915 [info] > git config --get commit.template [19ms]
2024-03-01 01:46:00.915 [info] > git for-each-ref --format=%(refname)%00%(upstream:short)%00%(objectname)%00%(upstream:track)%00%(upstream:remotename)%00%(upstream:remoteref) refs/heads/main refs/remotes/main [2ms]
2024-03-01 01:46:00.937 [info] > git status -z -uall [5ms]
2024-03-01 01:46:10.688 [info] > git check-ignore -v -z --stdin [2ms]
2024-03-01 01:46:36.814 [info] > git check-ignore -v -z --stdin [1ms]
2024-03-01 01:46:43.579 [info] > git check-ignore -v -z --stdin [2ms]
2024-03-01 01:46:43.852 [info] > git config --get commit.template [1ms]
2024-03-01 01:46:43.869 [info] > git for-each-ref --format=%(refname)%00%(upstream:short)%00%(objectname)%00%(upstream:track)%00%(upstream:remotename)%00%(upstream:remoteref) refs/heads/main refs/remotes/main [2ms]
2024-03-01 01:46:43.891 [info] > git status -z -uall [6ms]
2024-03-01 01:46:48.069 [info] > git show --textconv :BinaryCalculatorWebapp/target/surefire-reports/2024-02-16T00-03-44_635-jvmRun1.dump [13ms]
2024-03-01 01:46:48.069 [info] > git ls-files --stage -- /home/loginemail122333/SOFE3980U-Lab3/BinaryCalculatorWebapp/target/surefire-reports/2024-02-16T00-03-44_635-jvmRun1.dump [3ms]
2024-03-01 01:46:48.924 [info] > git config --get commit.template [14ms]
2024-03-01 01:46:48.925 [info] > git for-each-ref --format=%(refname)%00%(upstream:short)%00%(objectname)%00%(upstream:track)%00%(upstream:remotename)%00%(upstream:remoteref) refs/heads/main refs/remotes/main [2ms]
2024-03-01 01:46:48.941 [info] > git status -z -uall [5ms]
2024-03-01 01:46:58.883 [info] > git check-ignore -v -z --stdin [2ms]
2024-03-01 01:47:10.593 [info] > git config --get commit.template [2ms]
2024-03-01 01:47:10.604 [info] > git for-each-ref --format=%(refname)%00%(upstream:short)%00%(objectname)%00%(upstream:track)%00%(upstream:remotename)%00%(upstream:remoteref) refs/heads/main refs/remotes/main [2ms]
2024-03-01 01:47:10.619 [info] > git status -z -uall [5ms]
2024-03-01 01:47:26.211 [info] > git show --textconv :BinaryCalculatorWebapp/target/surefire-reports/2024-02-16T00-03-44_635-jvmRun1.dump [22ms]
2024-03-01 01:47:26.212 [info] > git ls-files --stage -- /home/loginemail122333/SOFE3980U-Lab3/BinaryCalculatorWebapp/target/surefire-reports/2024-02-16T00-03-44_635-jvmRun1.dump [4ms]
2024-03-01 01:47:27.453 [info] > git config --get commit.template [14ms]
2024-03-01 01:47:27.454 [info] > git for-each-ref --format=%(refname)%00%(upstream:short)%00%(objectname)%00%(upstream:track)%00%(upstream:remotename)%00%(upstream:remoteref) refs/heads/main refs/remotes/main [2ms]
2024-03-01 01:47:27.470 [info] > git status -z -uall [5ms]
2024-03-01 01:50:22.090 [info] > git show --textconv :BinaryCalculatorWebapp/target/classes/templates/calculator.html [19ms]
2024-03-01 01:50:22.092 [info] > git ls-files --stage -- /home/loginemail122333/SOFE3980U-Lab3/BinaryCalculatorWebapp/target/classes/templates/calculator.html [8ms]
2024-03-01 02:02:47.355 [info] > git check-ignore -v -z --stdin [2ms]
2024-03-01 02:02:48.152 [info] > git show --textconv :MySQL/mysql-deploy.yaml [29ms]
2024-03-01 02:02:48.157 [info] > git ls-files --stage -- /home/loginemail122333/SOFE3980U-Lab3/MySQL/mysql-deploy.yaml [5ms]
2024-03-01 02:02:48.180 [info] > git cat-file -s 8ea29ba372275d180ff6fc8d214339a2c9fa3a96 [4ms]
2024-03-01 02:02:49.563 [info] > git show --textconv :MySQL/mysql-service.yaml [13ms]
2024-03-01 02:02:49.563 [info] > git ls-files --stage -- /home/loginemail122333/SOFE3980U-Lab3/MySQL/mysql-service.yaml [2ms]
2024-03-01 02:02:49.576 [info] > git cat-file -s 4f86581f19d6f96bcac2f60a18f594a6ac84656a [2ms]
