WARNING: Using incubator modules: jdk.incubator.foreign, jdk.incubator.vector
[Error - 1:38:03 AM] Mar 1, 2024, 1:38:03 AM Error occured while building workspace. Details: 
 message: The declared package "com.ontariotechu.sofe3980U" does not match the expected package "com.ontariotechu.sofe3980U"; code: 536871240; resource: /home/loginemail122333/SOFE3980U-Lab3/BinaryCalculatorWebapp/src/main/java/com.ontariotechu.sofe3980U/APIResult.java; line: 1
 message: The declared package "com.ontariotechu.sofe3980U" does not match the expected package "com.ontariotechu.sofe3980U"; code: 536871240; resource: /home/loginemail122333/SOFE3980U-Lab3/BinaryCalculatorWebapp/src/main/java/com.ontariotechu.sofe3980U/Application.java; line: 1
 message: The declared package "com.ontariotechu.sofe3980U" does not match the expected package "com.ontariotechu.sofe3980U"; code: 536871240; resource: /home/loginemail122333/SOFE3980U-Lab3/BinaryCalculatorWebapp/src/main/java/com.ontariotechu.sofe3980U/Binary.java; line: 1
 message: The declared package "com.ontariotechu.sofe3980U" does not match the expected package "com.ontariotechu.sofe3980U"; code: 536871240; resource: /home/loginemail122333/SOFE3980U-Lab3/BinaryCalculatorWebapp/src/main/java/com.ontariotechu.sofe3980U/BinaryAPIController.java; line: 1
 message: The declared package "com.ontariotechu.sofe3980U" does not match the expected package "com.ontariotechu.sofe3980U"; code: 536871240; resource: /home/loginemail122333/SOFE3980U-Lab3/BinaryCalculatorWebapp/src/main/java/com.ontariotechu.sofe3980U/BinaryAPIResult.java; line: 1
 message: The declared package "com.ontariotechu.sofe3980U" does not match the expected package "com.ontariotechu.sofe3980U"; code: 536871240; resource: /home/loginemail122333/SOFE3980U-Lab3/BinaryCalculatorWebapp/src/main/java/com.ontariotechu.sofe3980U/BinaryController.java; line: 1
 message: The declared package "com.ontariotechu.sofe3980U" does not match the expected package "com.ontariotechu.sofe3980U"; code: 536871240; resource: /home/loginemail122333/SOFE3980U-Lab3/BinaryCalculatorWebapp/src/main/java/com.ontariotechu.sofe3980U/HelloAPIController.java; line: 1
 message: The declared package "com.ontariotechu.sofe3980U" does not match the expected package "com.ontariotechu.sofe3980U"; code: 536871240; resource: /home/loginemail122333/SOFE3980U-Lab3/BinaryCalculatorWebapp/src/main/java/com.ontariotechu.sofe3980U/HelloController.java; line: 1
 message: The declared package "com.ontariotechu.sofe3980U" does not match the expected package "com.ontariotechu.sofe3980U"; code: 536871240; resource: /home/loginemail122333/SOFE3980U-Lab3/BinaryCalculatorWebapp/src/test/java/com.ontariotechu.sofe3980U/BinaryAPIControllerTest.java; line: 1
 message: The declared package "com.ontariotechu.sofe3980U" does not match the expected package "com.ontariotechu.sofe3980U"; code: 536871240; resource: /home/loginemail122333/SOFE3980U-Lab3/BinaryCalculatorWebapp/src/test/java/com.ontariotechu.sofe3980U/BinaryControllerTest.java; line: 1
 message: The declared package "com.ontariotechu.sofe3980U" does not match the expected package "com.ontariotechu.sofe3980U"; code: 536871240; resource: /home/loginemail122333/SOFE3980U-Lab3/BinaryCalculatorWebapp/src/test/java/com.ontariotechu.sofe3980U/HelloAPIControllerTest.java; line: 1
 message: The declared package "com.ontariotechu.sofe3980U" does not match the expected package "com.ontariotechu.sofe3980U"; code: 536871240; resource: /home/loginemail122333/SOFE3980U-Lab3/BinaryCalculatorWebapp/src/test/java/com.ontariotechu.sofe3980U/HelloControllerTest.java; line: 1
[Error - 1:38:04 AM] Mar 1, 2024, 1:38:04 AM failed to send diagnostics
src/main/java/com.ontariotechu.sofe3980U [in BinaryCalculatorWebapp] is not on its project's build path
Java Model Exception: Error in Java Model (code 1006): src/main/java/com.ontariotechu.sofe3980U [in BinaryCalculatorWebapp] is not on its project's build path
	at org.eclipse.jdt.internal.core.JavaElement.newJavaModelException(JavaElement.java:584)
	at org.eclipse.jdt.internal.core.Openable.generateInfos(Openable.java:254)
	at org.eclipse.jdt.internal.core.Openable.openAncestors(Openable.java:528)
	at org.eclipse.jdt.internal.core.Openable.generateInfos(Openable.java:248)
	at org.eclipse.jdt.internal.core.Openable.openAncestors(Openable.java:528)
	at org.eclipse.jdt.internal.core.CompilationUnit.openAncestors(CompilationUnit.java:1246)
	at org.eclipse.jdt.internal.core.Openable.generateInfos(Openable.java:248)
	at org.eclipse.jdt.internal.core.JavaElement.openWhenClosed(JavaElement.java:597)
	at org.eclipse.jdt.internal.core.JavaElement.getElementInfo(JavaElement.java:328)
	at org.eclipse.jdt.internal.core.JavaElement.getElementInfo(JavaElement.java:314)
	at org.eclipse.jdt.internal.core.Openable.getBuffer(Openable.java:296)
	at org.eclipse.jdt.ls.core.internal.handlers.WorkspaceDiagnosticsHandler.visit(WorkspaceDiagnosticsHandler.java:183)
	at org.eclipse.core.internal.events.ResourceDelta.accept(ResourceDelta.java:67)
	at org.eclipse.core.internal.events.ResourceDelta.accept(ResourceDelta.java:77)
	at org.eclipse.core.internal.events.ResourceDelta.accept(ResourceDelta.java:77)
	at org.eclipse.core.internal.events.ResourceDelta.accept(ResourceDelta.java:77)
	at org.eclipse.core.internal.events.ResourceDelta.accept(ResourceDelta.java:77)
	at org.eclipse.core.internal.events.ResourceDelta.accept(ResourceDelta.java:77)
	at org.eclipse.core.internal.events.ResourceDelta.accept(ResourceDelta.java:77)
	at org.eclipse.core.internal.events.ResourceDelta.accept(ResourceDelta.java:51)
	at org.eclipse.jdt.ls.core.internal.handlers.WorkspaceDiagnosticsHandler.resourceChanged(WorkspaceDiagnosticsHandler.java:108)
	at org.eclipse.core.internal.events.NotificationManager$1.run(NotificationManager.java:307)
	at org.eclipse.core.runtime.SafeRunner.run(SafeRunner.java:45)
	at org.eclipse.core.internal.events.NotificationManager.notify(NotificationManager.java:297)
	at org.eclipse.core.internal.events.NotificationManager.broadcastChanges(NotificationManager.java:160)
	at org.eclipse.core.internal.resources.Workspace.broadcastPostChange(Workspace.java:388)
	at org.eclipse.core.internal.resources.Workspace.endOperation(Workspace.java:1516)
	at org.eclipse.core.internal.resources.InternalWorkspaceJob.run(InternalWorkspaceJob.java:50)
	at org.eclipse.core.internal.jobs.Worker.run(Worker.java:63)

[Error - 1:38:04 AM] Mar 1, 2024, 1:38:04 AM Failed to publish diagnostics for file:///home/loginemail122333/SOFE3980U-Lab3/BinaryCalculatorWebapp/src/test/java/com.ontariotechu.sofe3980U/HelloAPIControllerTest.java
src/test/java/com.ontariotechu.sofe3980U [in BinaryCalculatorWebapp] is not on its project's build path
Java Model Exception: Error in Java Model (code 1006): src/test/java/com.ontariotechu.sofe3980U [in BinaryCalculatorWebapp] is not on its project's build path
	at org.eclipse.jdt.internal.core.JavaElement.newJavaModelException(JavaElement.java:584)
	at org.eclipse.jdt.internal.core.Openable.generateInfos(Openable.java:254)
	at org.eclipse.jdt.internal.core.Openable.openAncestors(Openable.java:528)
	at org.eclipse.jdt.internal.core.Openable.generateInfos(Openable.java:248)
	at org.eclipse.jdt.internal.core.Openable.openAncestors(Openable.java:528)
	at org.eclipse.jdt.internal.core.CompilationUnit.openAncestors(CompilationUnit.java:1246)
	at org.eclipse.jdt.internal.core.Openable.generateInfos(Openable.java:248)
	at org.eclipse.jdt.internal.core.JavaElement.openWhenClosed(JavaElement.java:597)
	at org.eclipse.jdt.internal.core.JavaElement.getElementInfo(JavaElement.java:328)
	at org.eclipse.jdt.internal.core.JavaElement.getElementInfo(JavaElement.java:314)
	at org.eclipse.jdt.internal.core.Openable.getBuffer(Openable.java:296)
	at org.eclipse.jdt.ls.core.internal.handlers.WorkspaceDiagnosticsHandler.publishDiagnostics(WorkspaceDiagnosticsHandler.java:320)
	at org.eclipse.jdt.ls.core.internal.handlers.WorkspaceDiagnosticsHandler.publishDiagnostics(WorkspaceDiagnosticsHandler.java:245)
	at org.eclipse.jdt.ls.core.internal.handlers.JDTLanguageServer$2.run(JDTLanguageServer.java:321)
	at org.eclipse.core.internal.jobs.Worker.run(Worker.java:63)

[Error - 1:38:04 AM] Mar 1, 2024, 1:38:04 AM Failed to publish diagnostics for file:///home/loginemail122333/SOFE3980U-Lab3/BinaryCalculatorWebapp/src/test/java/com.ontariotechu.sofe3980U/BinaryAPIControllerTest.java
src/test/java/com.ontariotechu.sofe3980U [in BinaryCalculatorWebapp] is not on its project's build path
Java Model Exception: Error in Java Model (code 1006): src/test/java/com.ontariotechu.sofe3980U [in BinaryCalculatorWebapp] is not on its project's build path
	at org.eclipse.jdt.internal.core.JavaElement.newJavaModelException(JavaElement.java:584)
	at org.eclipse.jdt.internal.core.Openable.generateInfos(Openable.java:254)
	at org.eclipse.jdt.internal.core.Openable.openAncestors(Openable.java:528)
	at org.eclipse.jdt.internal.core.Openable.generateInfos(Openable.java:248)
	at org.eclipse.jdt.internal.core.Openable.openAncestors(Openable.java:528)
	at org.eclipse.jdt.internal.core.CompilationUnit.openAncestors(CompilationUnit.java:1246)
	at org.eclipse.jdt.internal.core.Openable.generateInfos(Openable.java:248)
	at org.eclipse.jdt.internal.core.JavaElement.openWhenClosed(JavaElement.java:597)
	at org.eclipse.jdt.internal.core.JavaElement.getElementInfo(JavaElement.java:328)
	at org.eclipse.jdt.internal.core.JavaElement.getElementInfo(JavaElement.java:314)
	at org.eclipse.jdt.internal.core.Openable.getBuffer(Openable.java:296)
	at org.eclipse.jdt.ls.core.internal.handlers.WorkspaceDiagnosticsHandler.publishDiagnostics(WorkspaceDiagnosticsHandler.java:320)
	at org.eclipse.jdt.ls.core.internal.handlers.WorkspaceDiagnosticsHandler.publishDiagnostics(WorkspaceDiagnosticsHandler.java:245)
	at org.eclipse.jdt.ls.core.internal.handlers.JDTLanguageServer$2.run(JDTLanguageServer.java:321)
	at org.eclipse.core.internal.jobs.Worker.run(Worker.java:63)

[Error - 1:38:04 AM] Mar 1, 2024, 1:38:04 AM Failed to publish diagnostics for file:///home/loginemail122333/SOFE3980U-Lab3/BinaryCalculatorWebapp/src/main/java/com.ontariotechu.sofe3980U/APIResult.java
src/main/java/com.ontariotechu.sofe3980U [in BinaryCalculatorWebapp] is not on its project's build path
Java Model Exception: Error in Java Model (code 1006): src/main/java/com.ontariotechu.sofe3980U [in BinaryCalculatorWebapp] is not on its project's build path
	at org.eclipse.jdt.internal.core.JavaElement.newJavaModelException(JavaElement.java:584)
	at org.eclipse.jdt.internal.core.Openable.generateInfos(Openable.java:254)
	at org.eclipse.jdt.internal.core.Openable.openAncestors(Openable.java:528)
	at org.eclipse.jdt.internal.core.Openable.generateInfos(Openable.java:248)
	at org.eclipse.jdt.internal.core.Openable.openAncestors(Openable.java:528)
	at org.eclipse.jdt.internal.core.CompilationUnit.openAncestors(CompilationUnit.java:1246)
	at org.eclipse.jdt.internal.core.Openable.generateInfos(Openable.java:248)
	at org.eclipse.jdt.internal.core.JavaElement.openWhenClosed(JavaElement.java:597)
	at org.eclipse.jdt.internal.core.JavaElement.getElementInfo(JavaElement.java:328)
	at org.eclipse.jdt.internal.core.JavaElement.getElementInfo(JavaElement.java:314)
	at org.eclipse.jdt.internal.core.Openable.getBuffer(Openable.java:296)
	at org.eclipse.jdt.ls.core.internal.handlers.WorkspaceDiagnosticsHandler.publishDiagnostics(WorkspaceDiagnosticsHandler.java:320)
	at org.eclipse.jdt.ls.core.internal.handlers.WorkspaceDiagnosticsHandler.publishDiagnostics(WorkspaceDiagnosticsHandler.java:245)
	at org.eclipse.jdt.ls.core.internal.handlers.JDTLanguageServer$2.run(JDTLanguageServer.java:321)
	at org.eclipse.core.internal.jobs.Worker.run(Worker.java:63)

[Error - 1:38:04 AM] Mar 1, 2024, 1:38:04 AM Failed to publish diagnostics for file:///home/loginemail122333/SOFE3980U-Lab3/BinaryCalculatorWebapp/src/test/java/com.ontariotechu.sofe3980U/HelloControllerTest.java
src/test/java/com.ontariotechu.sofe3980U [in BinaryCalculatorWebapp] is not on its project's build path
Java Model Exception: Error in Java Model (code 1006): src/test/java/com.ontariotechu.sofe3980U [in BinaryCalculatorWebapp] is not on its project's build path
	at org.eclipse.jdt.internal.core.JavaElement.newJavaModelException(JavaElement.java:584)
	at org.eclipse.jdt.internal.core.Openable.generateInfos(Openable.java:254)
	at org.eclipse.jdt.internal.core.Openable.openAncestors(Openable.java:528)
	at org.eclipse.jdt.internal.core.Openable.generateInfos(Openable.java:248)
	at org.eclipse.jdt.internal.core.Openable.openAncestors(Openable.java:528)
	at org.eclipse.jdt.internal.core.CompilationUnit.openAncestors(CompilationUnit.java:1246)
	at org.eclipse.jdt.internal.core.Openable.generateInfos(Openable.java:248)
	at org.eclipse.jdt.internal.core.JavaElement.openWhenClosed(JavaElement.java:597)
	at org.eclipse.jdt.internal.core.JavaElement.getElementInfo(JavaElement.java:328)
	at org.eclipse.jdt.internal.core.JavaElement.getElementInfo(JavaElement.java:314)
	at org.eclipse.jdt.internal.core.Openable.getBuffer(Openable.java:296)
	at org.eclipse.jdt.ls.core.internal.handlers.WorkspaceDiagnosticsHandler.publishDiagnostics(WorkspaceDiagnosticsHandler.java:320)
	at org.eclipse.jdt.ls.core.internal.handlers.WorkspaceDiagnosticsHandler.publishDiagnostics(WorkspaceDiagnosticsHandler.java:245)
	at org.eclipse.jdt.ls.core.internal.handlers.JDTLanguageServer$2.run(JDTLanguageServer.java:321)
	at org.eclipse.core.internal.jobs.Worker.run(Worker.java:63)

[Error - 1:38:04 AM] Mar 1, 2024, 1:38:04 AM Failed to publish diagnostics for file:///home/loginemail122333/SOFE3980U-Lab3/BinaryCalculatorWebapp/src/main/java/com.ontariotechu.sofe3980U/BinaryAPIResult.java
src/main/java/com.ontariotechu.sofe3980U [in BinaryCalculatorWebapp] is not on its project's build path
Java Model Exception: Error in Java Model (code 1006): src/main/java/com.ontariotechu.sofe3980U [in BinaryCalculatorWebapp] is not on its project's build path
	at org.eclipse.jdt.internal.core.JavaElement.newJavaModelException(JavaElement.java:584)
	at org.eclipse.jdt.internal.core.Openable.generateInfos(Openable.java:254)
	at org.eclipse.jdt.internal.core.Openable.openAncestors(Openable.java:528)
	at org.eclipse.jdt.internal.core.Openable.generateInfos(Openable.java:248)
	at org.eclipse.jdt.internal.core.Openable.openAncestors(Openable.java:528)
	at org.eclipse.jdt.internal.core.CompilationUnit.openAncestors(CompilationUnit.java:1246)
	at org.eclipse.jdt.internal.core.Openable.generateInfos(Openable.java:248)
	at org.eclipse.jdt.internal.core.JavaElement.openWhenClosed(JavaElement.java:597)
	at org.eclipse.jdt.internal.core.JavaElement.getElementInfo(JavaElement.java:328)
	at org.eclipse.jdt.internal.core.JavaElement.getElementInfo(JavaElement.java:314)
	at org.eclipse.jdt.internal.core.Openable.getBuffer(Openable.java:296)
	at org.eclipse.jdt.ls.core.internal.handlers.WorkspaceDiagnosticsHandler.publishDiagnostics(WorkspaceDiagnosticsHandler.java:320)
	at org.eclipse.jdt.ls.core.internal.handlers.WorkspaceDiagnosticsHandler.publishDiagnostics(WorkspaceDiagnosticsHandler.java:245)
	at org.eclipse.jdt.ls.core.internal.handlers.JDTLanguageServer$2.run(JDTLanguageServer.java:321)
	at org.eclipse.core.internal.jobs.Worker.run(Worker.java:63)

[Error - 1:38:04 AM] Mar 1, 2024, 1:38:04 AM Failed to publish diagnostics for file:///home/loginemail122333/SOFE3980U-Lab3/BinaryCalculatorWebapp/src/main/java/com.ontariotechu.sofe3980U/BinaryController.java
src/main/java/com.ontariotechu.sofe3980U [in BinaryCalculatorWebapp] is not on its project's build path
Java Model Exception: Error in Java Model (code 1006): src/main/java/com.ontariotechu.sofe3980U [in BinaryCalculatorWebapp] is not on its project's build path
	at org.eclipse.jdt.internal.core.JavaElement.newJavaModelException(JavaElement.java:584)
	at org.eclipse.jdt.internal.core.Openable.generateInfos(Openable.java:254)
	at org.eclipse.jdt.internal.core.Openable.openAncestors(Openable.java:528)
	at org.eclipse.jdt.internal.core.Openable.generateInfos(Openable.java:248)
	at org.eclipse.jdt.internal.core.Openable.openAncestors(Openable.java:528)
	at org.eclipse.jdt.internal.core.CompilationUnit.openAncestors(CompilationUnit.java:1246)
	at org.eclipse.jdt.internal.core.Openable.generateInfos(Openable.java:248)
	at org.eclipse.jdt.internal.core.JavaElement.openWhenClosed(JavaElement.java:597)
	at org.eclipse.jdt.internal.core.JavaElement.getElementInfo(JavaElement.java:328)
	at org.eclipse.jdt.internal.core.JavaElement.getElementInfo(JavaElement.java:314)
	at org.eclipse.jdt.internal.core.Openable.getBuffer(Openable.java:296)
	at org.eclipse.jdt.ls.core.internal.handlers.WorkspaceDiagnosticsHandler.publishDiagnostics(WorkspaceDiagnosticsHandler.java:320)
	at org.eclipse.jdt.ls.core.internal.handlers.WorkspaceDiagnosticsHandler.publishDiagnostics(WorkspaceDiagnosticsHandler.java:245)
	at org.eclipse.jdt.ls.core.internal.handlers.JDTLanguageServer$2.run(JDTLanguageServer.java:321)
	at org.eclipse.core.internal.jobs.Worker.run(Worker.java:63)

[Error - 1:38:04 AM] Mar 1, 2024, 1:38:04 AM Failed to publish diagnostics for file:///home/loginemail122333/SOFE3980U-Lab3/BinaryCalculatorWebapp/src/main/java/com.ontariotechu.sofe3980U/BinaryAPIController.java
src/main/java/com.ontariotechu.sofe3980U [in BinaryCalculatorWebapp] is not on its project's build path
Java Model Exception: Error in Java Model (code 1006): src/main/java/com.ontariotechu.sofe3980U [in BinaryCalculatorWebapp] is not on its project's build path
	at org.eclipse.jdt.internal.core.JavaElement.newJavaModelException(JavaElement.java:584)
	at org.eclipse.jdt.internal.core.Openable.generateInfos(Openable.java:254)
	at org.eclipse.jdt.internal.core.Openable.openAncestors(Openable.java:528)
	at org.eclipse.jdt.internal.core.Openable.generateInfos(Openable.java:248)
	at org.eclipse.jdt.internal.core.Openable.openAncestors(Openable.java:528)
	at org.eclipse.jdt.internal.core.CompilationUnit.openAncestors(CompilationUnit.java:1246)
	at org.eclipse.jdt.internal.core.Openable.generateInfos(Openable.java:248)
	at org.eclipse.jdt.internal.core.JavaElement.openWhenClosed(JavaElement.java:597)
	at org.eclipse.jdt.internal.core.JavaElement.getElementInfo(JavaElement.java:328)
	at org.eclipse.jdt.internal.core.JavaElement.getElementInfo(JavaElement.java:314)
	at org.eclipse.jdt.internal.core.Openable.getBuffer(Openable.java:296)
	at org.eclipse.jdt.ls.core.internal.handlers.WorkspaceDiagnosticsHandler.publishDiagnostics(WorkspaceDiagnosticsHandler.java:320)
	at org.eclipse.jdt.ls.core.internal.handlers.WorkspaceDiagnosticsHandler.publishDiagnostics(WorkspaceDiagnosticsHandler.java:245)
	at org.eclipse.jdt.ls.core.internal.handlers.JDTLanguageServer$2.run(JDTLanguageServer.java:321)
	at org.eclipse.core.internal.jobs.Worker.run(Worker.java:63)

[Error - 1:38:04 AM] Mar 1, 2024, 1:38:04 AM Failed to publish diagnostics for file:///home/loginemail122333/SOFE3980U-Lab3/BinaryCalculatorWebapp/src/test/java/com.ontariotechu.sofe3980U/BinaryControllerTest.java
src/test/java/com.ontariotechu.sofe3980U [in BinaryCalculatorWebapp] is not on its project's build path
Java Model Exception: Error in Java Model (code 1006): src/test/java/com.ontariotechu.sofe3980U [in BinaryCalculatorWebapp] is not on its project's build path
	at org.eclipse.jdt.internal.core.JavaElement.newJavaModelException(JavaElement.java:584)
	at org.eclipse.jdt.internal.core.Openable.generateInfos(Openable.java:254)
	at org.eclipse.jdt.internal.core.Openable.openAncestors(Openable.java:528)
	at org.eclipse.jdt.internal.core.Openable.generateInfos(Openable.java:248)
	at org.eclipse.jdt.internal.core.Openable.openAncestors(Openable.java:528)
	at org.eclipse.jdt.internal.core.CompilationUnit.openAncestors(CompilationUnit.java:1246)
	at org.eclipse.jdt.internal.core.Openable.generateInfos(Openable.java:248)
	at org.eclipse.jdt.internal.core.JavaElement.openWhenClosed(JavaElement.java:597)
	at org.eclipse.jdt.internal.core.JavaElement.getElementInfo(JavaElement.java:328)
	at org.eclipse.jdt.internal.core.JavaElement.getElementInfo(JavaElement.java:314)
	at org.eclipse.jdt.internal.core.Openable.getBuffer(Openable.java:296)
	at org.eclipse.jdt.ls.core.internal.handlers.WorkspaceDiagnosticsHandler.publishDiagnostics(WorkspaceDiagnosticsHandler.java:320)
	at org.eclipse.jdt.ls.core.internal.handlers.WorkspaceDiagnosticsHandler.publishDiagnostics(WorkspaceDiagnosticsHandler.java:245)
	at org.eclipse.jdt.ls.core.internal.handlers.JDTLanguageServer$2.run(JDTLanguageServer.java:321)
	at org.eclipse.core.internal.jobs.Worker.run(Worker.java:63)

[Error - 1:38:04 AM] Mar 1, 2024, 1:38:04 AM Failed to publish diagnostics for file:///home/loginemail122333/SOFE3980U-Lab3/BinaryCalculatorWebapp/src/main/java/com.ontariotechu.sofe3980U/HelloAPIController.java
src/main/java/com.ontariotechu.sofe3980U [in BinaryCalculatorWebapp] is not on its project's build path
Java Model Exception: Error in Java Model (code 1006): src/main/java/com.ontariotechu.sofe3980U [in BinaryCalculatorWebapp] is not on its project's build path
	at org.eclipse.jdt.internal.core.JavaElement.newJavaModelException(JavaElement.java:584)
	at org.eclipse.jdt.internal.core.Openable.generateInfos(Openable.java:254)
	at org.eclipse.jdt.internal.core.Openable.openAncestors(Openable.java:528)
	at org.eclipse.jdt.internal.core.Openable.generateInfos(Openable.java:248)
	at org.eclipse.jdt.internal.core.Openable.openAncestors(Openable.java:528)
	at org.eclipse.jdt.internal.core.CompilationUnit.openAncestors(CompilationUnit.java:1246)
	at org.eclipse.jdt.internal.core.Openable.generateInfos(Openable.java:248)
	at org.eclipse.jdt.internal.core.JavaElement.openWhenClosed(JavaElement.java:597)
	at org.eclipse.jdt.internal.core.JavaElement.getElementInfo(JavaElement.java:328)
	at org.eclipse.jdt.internal.core.JavaElement.getElementInfo(JavaElement.java:314)
	at org.eclipse.jdt.internal.core.Openable.getBuffer(Openable.java:296)
	at org.eclipse.jdt.ls.core.internal.handlers.WorkspaceDiagnosticsHandler.publishDiagnostics(WorkspaceDiagnosticsHandler.java:320)
	at org.eclipse.jdt.ls.core.internal.handlers.WorkspaceDiagnosticsHandler.publishDiagnostics(WorkspaceDiagnosticsHandler.java:245)
	at org.eclipse.jdt.ls.core.internal.handlers.JDTLanguageServer$2.run(JDTLanguageServer.java:321)
	at org.eclipse.core.internal.jobs.Worker.run(Worker.java:63)

[Error - 1:38:04 AM] Mar 1, 2024, 1:38:04 AM Failed to publish diagnostics for file:///home/loginemail122333/SOFE3980U-Lab3/BinaryCalculatorWebapp/src/main/java/com.ontariotechu.sofe3980U/Binary.java
src/main/java/com.ontariotechu.sofe3980U [in BinaryCalculatorWebapp] is not on its project's build path
Java Model Exception: Error in Java Model (code 1006): src/main/java/com.ontariotechu.sofe3980U [in BinaryCalculatorWebapp] is not on its project's build path
	at org.eclipse.jdt.internal.core.JavaElement.newJavaModelException(JavaElement.java:584)
	at org.eclipse.jdt.internal.core.Openable.generateInfos(Openable.java:254)
	at org.eclipse.jdt.internal.core.Openable.openAncestors(Openable.java:528)
	at org.eclipse.jdt.internal.core.Openable.generateInfos(Openable.java:248)
	at org.eclipse.jdt.internal.core.Openable.openAncestors(Openable.java:528)
	at org.eclipse.jdt.internal.core.CompilationUnit.openAncestors(CompilationUnit.java:1246)
	at org.eclipse.jdt.internal.core.Openable.generateInfos(Openable.java:248)
	at org.eclipse.jdt.internal.core.JavaElement.openWhenClosed(JavaElement.java:597)
	at org.eclipse.jdt.internal.core.JavaElement.getElementInfo(JavaElement.java:328)
	at org.eclipse.jdt.internal.core.JavaElement.getElementInfo(JavaElement.java:314)
	at org.eclipse.jdt.internal.core.Openable.getBuffer(Openable.java:296)
	at org.eclipse.jdt.ls.core.internal.handlers.WorkspaceDiagnosticsHandler.publishDiagnostics(WorkspaceDiagnosticsHandler.java:320)
	at org.eclipse.jdt.ls.core.internal.handlers.WorkspaceDiagnosticsHandler.publishDiagnostics(WorkspaceDiagnosticsHandler.java:245)
	at org.eclipse.jdt.ls.core.internal.handlers.JDTLanguageServer$2.run(JDTLanguageServer.java:321)
	at org.eclipse.core.internal.jobs.Worker.run(Worker.java:63)

[Error - 1:38:04 AM] Mar 1, 2024, 1:38:04 AM Failed to publish diagnostics for file:///home/loginemail122333/SOFE3980U-Lab3/BinaryCalculatorWebapp/src/main/java/com.ontariotechu.sofe3980U/Application.java
src/main/java/com.ontariotechu.sofe3980U [in BinaryCalculatorWebapp] is not on its project's build path
Java Model Exception: Error in Java Model (code 1006): src/main/java/com.ontariotechu.sofe3980U [in BinaryCalculatorWebapp] is not on its project's build path
	at org.eclipse.jdt.internal.core.JavaElement.newJavaModelException(JavaElement.java:584)
	at org.eclipse.jdt.internal.core.Openable.generateInfos(Openable.java:254)
	at org.eclipse.jdt.internal.core.Openable.openAncestors(Openable.java:528)
	at org.eclipse.jdt.internal.core.Openable.generateInfos(Openable.java:248)
	at org.eclipse.jdt.internal.core.Openable.openAncestors(Openable.java:528)
	at org.eclipse.jdt.internal.core.CompilationUnit.openAncestors(CompilationUnit.java:1246)
	at org.eclipse.jdt.internal.core.Openable.generateInfos(Openable.java:248)
	at org.eclipse.jdt.internal.core.JavaElement.openWhenClosed(JavaElement.java:597)
	at org.eclipse.jdt.internal.core.JavaElement.getElementInfo(JavaElement.java:328)
	at org.eclipse.jdt.internal.core.JavaElement.getElementInfo(JavaElement.java:314)
	at org.eclipse.jdt.internal.core.Openable.getBuffer(Openable.java:296)
	at org.eclipse.jdt.ls.core.internal.handlers.WorkspaceDiagnosticsHandler.publishDiagnostics(WorkspaceDiagnosticsHandler.java:320)
	at org.eclipse.jdt.ls.core.internal.handlers.WorkspaceDiagnosticsHandler.publishDiagnostics(WorkspaceDiagnosticsHandler.java:245)
	at org.eclipse.jdt.ls.core.internal.handlers.JDTLanguageServer$2.run(JDTLanguageServer.java:321)
	at org.eclipse.core.internal.jobs.Worker.run(Worker.java:63)

[Error - 1:38:04 AM] Mar 1, 2024, 1:38:04 AM Failed to publish diagnostics for file:///home/loginemail122333/SOFE3980U-Lab3/BinaryCalculatorWebapp/src/main/java/com.ontariotechu.sofe3980U/HelloController.java
src/main/java/com.ontariotechu.sofe3980U [in BinaryCalculatorWebapp] is not on its project's build path
Java Model Exception: Error in Java Model (code 1006): src/main/java/com.ontariotechu.sofe3980U [in BinaryCalculatorWebapp] is not on its project's build path
	at org.eclipse.jdt.internal.core.JavaElement.newJavaModelException(JavaElement.java:584)
	at org.eclipse.jdt.internal.core.Openable.generateInfos(Openable.java:254)
	at org.eclipse.jdt.internal.core.Openable.openAncestors(Openable.java:528)
	at org.eclipse.jdt.internal.core.Openable.generateInfos(Openable.java:248)
	at org.eclipse.jdt.internal.core.Openable.openAncestors(Openable.java:528)
	at org.eclipse.jdt.internal.core.CompilationUnit.openAncestors(CompilationUnit.java:1246)
	at org.eclipse.jdt.internal.core.Openable.generateInfos(Openable.java:248)
	at org.eclipse.jdt.internal.core.JavaElement.openWhenClosed(JavaElement.java:597)
	at org.eclipse.jdt.internal.core.JavaElement.getElementInfo(JavaElement.java:328)
	at org.eclipse.jdt.internal.core.JavaElement.getElementInfo(JavaElement.java:314)
	at org.eclipse.jdt.internal.core.Openable.getBuffer(Openable.java:296)
	at org.eclipse.jdt.ls.core.internal.handlers.WorkspaceDiagnosticsHandler.publishDiagnostics(WorkspaceDiagnosticsHandler.java:320)
	at org.eclipse.jdt.ls.core.internal.handlers.WorkspaceDiagnosticsHandler.publishDiagnostics(WorkspaceDiagnosticsHandler.java:245)
	at org.eclipse.jdt.ls.core.internal.handlers.JDTLanguageServer$2.run(JDTLanguageServer.java:321)
	at org.eclipse.core.internal.jobs.Worker.run(Worker.java:63)

[Error - 1:42:26 AM] Mar 1, 2024, 1:42:26 AM failed to send diagnostics
src/main/java/com.ontariotechu.sofe3980U [in BinaryCalculatorWebapp] is not on its project's build path
Java Model Exception: Error in Java Model (code 1006): src/main/java/com.ontariotechu.sofe3980U [in BinaryCalculatorWebapp] is not on its project's build path
	at org.eclipse.jdt.internal.core.JavaElement.newJavaModelException(JavaElement.java:584)
	at org.eclipse.jdt.internal.core.Openable.generateInfos(Openable.java:254)
	at org.eclipse.jdt.internal.core.Openable.openAncestors(Openable.java:528)
	at org.eclipse.jdt.internal.core.Openable.generateInfos(Openable.java:248)
	at org.eclipse.jdt.internal.core.Openable.openAncestors(Openable.java:528)
	at org.eclipse.jdt.internal.core.CompilationUnit.openAncestors(CompilationUnit.java:1246)
	at org.eclipse.jdt.internal.core.Openable.generateInfos(Openable.java:248)
	at org.eclipse.jdt.internal.core.JavaElement.openWhenClosed(JavaElement.java:597)
	at org.eclipse.jdt.internal.core.JavaElement.getElementInfo(JavaElement.java:328)
	at org.eclipse.jdt.internal.core.JavaElement.getElementInfo(JavaElement.java:314)
	at org.eclipse.jdt.internal.core.Openable.getBuffer(Openable.java:296)
	at org.eclipse.jdt.ls.core.internal.handlers.WorkspaceDiagnosticsHandler.visit(WorkspaceDiagnosticsHandler.java:183)
	at org.eclipse.core.internal.events.ResourceDelta.accept(ResourceDelta.java:67)
	at org.eclipse.core.internal.events.ResourceDelta.accept(ResourceDelta.java:77)
	at org.eclipse.core.internal.events.ResourceDelta.accept(ResourceDelta.java:77)
	at org.eclipse.core.internal.events.ResourceDelta.accept(ResourceDelta.java:77)
	at org.eclipse.core.internal.events.ResourceDelta.accept(ResourceDelta.java:77)
	at org.eclipse.core.internal.events.ResourceDelta.accept(ResourceDelta.java:77)
	at org.eclipse.core.internal.events.ResourceDelta.accept(ResourceDelta.java:77)
	at org.eclipse.core.internal.events.ResourceDelta.accept(ResourceDelta.java:51)
	at org.eclipse.jdt.ls.core.internal.handlers.WorkspaceDiagnosticsHandler.resourceChanged(WorkspaceDiagnosticsHandler.java:108)
	at org.eclipse.core.internal.events.NotificationManager$1.run(NotificationManager.java:307)
	at org.eclipse.core.runtime.SafeRunner.run(SafeRunner.java:45)
	at org.eclipse.core.internal.events.NotificationManager.notify(NotificationManager.java:297)
	at org.eclipse.core.internal.events.NotificationManager.broadcastChanges(NotificationManager.java:160)
	at org.eclipse.core.internal.resources.Workspace.broadcastPostChange(Workspace.java:388)
	at org.eclipse.core.internal.resources.Workspace.endOperation(Workspace.java:1516)
	at org.eclipse.core.internal.events.AutoBuildJob.doBuild(AutoBuildJob.java:210)
	at org.eclipse.core.internal.events.AutoBuildJob.run(AutoBuildJob.java:289)
	at org.eclipse.core.internal.jobs.Worker.run(Worker.java:63)

[Error - 1:42:27 AM] Mar 1, 2024, 1:42:27 AM failed to send diagnostics
src/main/java/com.ontariotechu.sofe3980U [in BinaryCalculatorWebapp] is not on its project's build path
Java Model Exception: Error in Java Model (code 1006): src/main/java/com.ontariotechu.sofe3980U [in BinaryCalculatorWebapp] is not on its project's build path
	at org.eclipse.jdt.internal.core.JavaElement.newJavaModelException(JavaElement.java:584)
	at org.eclipse.jdt.internal.core.Openable.generateInfos(Openable.java:254)
	at org.eclipse.jdt.internal.core.Openable.openAncestors(Openable.java:528)
	at org.eclipse.jdt.internal.core.Openable.generateInfos(Openable.java:248)
	at org.eclipse.jdt.internal.core.Openable.openAncestors(Openable.java:528)
	at org.eclipse.jdt.internal.core.CompilationUnit.openAncestors(CompilationUnit.java:1246)
	at org.eclipse.jdt.internal.core.Openable.generateInfos(Openable.java:248)
	at org.eclipse.jdt.internal.core.JavaElement.openWhenClosed(JavaElement.java:597)
	at org.eclipse.jdt.internal.core.JavaElement.getElementInfo(JavaElement.java:328)
	at org.eclipse.jdt.internal.core.JavaElement.getElementInfo(JavaElement.java:314)
	at org.eclipse.jdt.internal.core.Openable.getBuffer(Openable.java:296)
	at org.eclipse.jdt.ls.core.internal.handlers.WorkspaceDiagnosticsHandler.visit(WorkspaceDiagnosticsHandler.java:183)
	at org.eclipse.core.internal.events.ResourceDelta.accept(ResourceDelta.java:67)
	at org.eclipse.core.internal.events.ResourceDelta.accept(ResourceDelta.java:77)
	at org.eclipse.core.internal.events.ResourceDelta.accept(ResourceDelta.java:77)
	at org.eclipse.core.internal.events.ResourceDelta.accept(ResourceDelta.java:77)
	at org.eclipse.core.internal.events.ResourceDelta.accept(ResourceDelta.java:77)
	at org.eclipse.core.internal.events.ResourceDelta.accept(ResourceDelta.java:77)
	at org.eclipse.core.internal.events.ResourceDelta.accept(ResourceDelta.java:77)
	at org.eclipse.core.internal.events.ResourceDelta.accept(ResourceDelta.java:51)
	at org.eclipse.jdt.ls.core.internal.handlers.WorkspaceDiagnosticsHandler.resourceChanged(WorkspaceDiagnosticsHandler.java:108)
	at org.eclipse.core.internal.events.NotificationManager$1.run(NotificationManager.java:307)
	at org.eclipse.core.runtime.SafeRunner.run(SafeRunner.java:45)
	at org.eclipse.core.internal.events.NotificationManager.notify(NotificationManager.java:297)
	at org.eclipse.core.internal.events.NotificationManager.broadcastChanges(NotificationManager.java:160)
	at org.eclipse.core.internal.resources.Workspace.broadcastPostChange(Workspace.java:388)
	at org.eclipse.core.internal.resources.Workspace.endOperation(Workspace.java:1516)
	at org.eclipse.core.internal.events.AutoBuildJob.doBuild(AutoBuildJob.java:210)
	at org.eclipse.core.internal.events.AutoBuildJob.run(AutoBuildJob.java:289)
	at org.eclipse.core.internal.jobs.Worker.run(Worker.java:63)

[Error - 1:42:28 AM] Mar 1, 2024, 1:42:28 AM failed to send diagnostics
src/main/java/com.ontariotechu.sofe3980U [in BinaryCalculatorWebapp] is not on its project's build path
Java Model Exception: Error in Java Model (code 1006): src/main/java/com.ontariotechu.sofe3980U [in BinaryCalculatorWebapp] is not on its project's build path
	at org.eclipse.jdt.internal.core.JavaElement.newJavaModelException(JavaElement.java:584)
	at org.eclipse.jdt.internal.core.Openable.generateInfos(Openable.java:254)
	at org.eclipse.jdt.internal.core.Openable.openAncestors(Openable.java:528)
	at org.eclipse.jdt.internal.core.Openable.generateInfos(Openable.java:248)
	at org.eclipse.jdt.internal.core.Openable.openAncestors(Openable.java:528)
	at org.eclipse.jdt.internal.core.CompilationUnit.openAncestors(CompilationUnit.java:1246)
	at org.eclipse.jdt.internal.core.Openable.generateInfos(Openable.java:248)
	at org.eclipse.jdt.internal.core.JavaElement.openWhenClosed(JavaElement.java:597)
	at org.eclipse.jdt.internal.core.JavaElement.getElementInfo(JavaElement.java:328)
	at org.eclipse.jdt.internal.core.JavaElement.getElementInfo(JavaElement.java:314)
	at org.eclipse.jdt.internal.core.Openable.getBuffer(Openable.java:296)
	at org.eclipse.jdt.ls.core.internal.handlers.WorkspaceDiagnosticsHandler.visit(WorkspaceDiagnosticsHandler.java:183)
	at org.eclipse.core.internal.events.ResourceDelta.accept(ResourceDelta.java:67)
	at org.eclipse.core.internal.events.ResourceDelta.accept(ResourceDelta.java:77)
	at org.eclipse.core.internal.events.ResourceDelta.accept(ResourceDelta.java:77)
	at org.eclipse.core.internal.events.ResourceDelta.accept(ResourceDelta.java:77)
	at org.eclipse.core.internal.events.ResourceDelta.accept(ResourceDelta.java:77)
	at org.eclipse.core.internal.events.ResourceDelta.accept(ResourceDelta.java:77)
	at org.eclipse.core.internal.events.ResourceDelta.accept(ResourceDelta.java:77)
	at org.eclipse.core.internal.events.ResourceDelta.accept(ResourceDelta.java:51)
	at org.eclipse.jdt.ls.core.internal.handlers.WorkspaceDiagnosticsHandler.resourceChanged(WorkspaceDiagnosticsHandler.java:108)
	at org.eclipse.core.internal.events.NotificationManager$1.run(NotificationManager.java:307)
	at org.eclipse.core.runtime.SafeRunner.run(SafeRunner.java:45)
	at org.eclipse.core.internal.events.NotificationManager.notify(NotificationManager.java:297)
	at org.eclipse.core.internal.events.NotificationManager.broadcastChanges(NotificationManager.java:160)
	at org.eclipse.core.internal.resources.Workspace.broadcastPostChange(Workspace.java:388)
	at org.eclipse.core.internal.resources.Workspace.endOperation(Workspace.java:1516)
	at org.eclipse.core.internal.resources.InternalWorkspaceJob.run(InternalWorkspaceJob.java:50)
	at org.eclipse.core.internal.jobs.Worker.run(Worker.java:63)

[Error - 1:42:29 AM] Mar 1, 2024, 1:42:29 AM failed to send diagnostics
src/main/java/com.ontariotechu.sofe3980U [in BinaryCalculatorWebapp] is not on its project's build path
Java Model Exception: Error in Java Model (code 1006): src/main/java/com.ontariotechu.sofe3980U [in BinaryCalculatorWebapp] is not on its project's build path
	at org.eclipse.jdt.internal.core.JavaElement.newJavaModelException(JavaElement.java:584)
	at org.eclipse.jdt.internal.core.Openable.generateInfos(Openable.java:254)
	at org.eclipse.jdt.internal.core.Openable.openAncestors(Openable.java:528)
	at org.eclipse.jdt.internal.core.Openable.generateInfos(Openable.java:248)
	at org.eclipse.jdt.internal.core.Openable.openAncestors(Openable.java:528)
	at org.eclipse.jdt.internal.core.CompilationUnit.openAncestors(CompilationUnit.java:1246)
	at org.eclipse.jdt.internal.core.Openable.generateInfos(Openable.java:248)
	at org.eclipse.jdt.internal.core.JavaElement.openWhenClosed(JavaElement.java:597)
	at org.eclipse.jdt.internal.core.JavaElement.getElementInfo(JavaElement.java:328)
	at org.eclipse.jdt.internal.core.JavaElement.getElementInfo(JavaElement.java:314)
	at org.eclipse.jdt.internal.core.Openable.getBuffer(Openable.java:296)
	at org.eclipse.jdt.ls.core.internal.handlers.WorkspaceDiagnosticsHandler.visit(WorkspaceDiagnosticsHandler.java:183)
	at org.eclipse.core.internal.events.ResourceDelta.accept(ResourceDelta.java:67)
	at org.eclipse.core.internal.events.ResourceDelta.accept(ResourceDelta.java:77)
	at org.eclipse.core.internal.events.ResourceDelta.accept(ResourceDelta.java:77)
	at org.eclipse.core.internal.events.ResourceDelta.accept(ResourceDelta.java:77)
	at org.eclipse.core.internal.events.ResourceDelta.accept(ResourceDelta.java:77)
	at org.eclipse.core.internal.events.ResourceDelta.accept(ResourceDelta.java:77)
	at org.eclipse.core.internal.events.ResourceDelta.accept(ResourceDelta.java:77)
	at org.eclipse.core.internal.events.ResourceDelta.accept(ResourceDelta.java:51)
	at org.eclipse.jdt.ls.core.internal.handlers.WorkspaceDiagnosticsHandler.resourceChanged(WorkspaceDiagnosticsHandler.java:108)
	at org.eclipse.core.internal.events.NotificationManager$1.run(NotificationManager.java:307)
	at org.eclipse.core.runtime.SafeRunner.run(SafeRunner.java:45)
	at org.eclipse.core.internal.events.NotificationManager.notify(NotificationManager.java:297)
	at org.eclipse.core.internal.events.NotificationManager.broadcastChanges(NotificationManager.java:160)
	at org.eclipse.core.internal.resources.Workspace.broadcastPostChange(Workspace.java:388)
	at org.eclipse.core.internal.resources.Workspace.endOperation(Workspace.java:1516)
	at org.eclipse.core.internal.events.AutoBuildJob.doBuild(AutoBuildJob.java:210)
	at org.eclipse.core.internal.events.AutoBuildJob.run(AutoBuildJob.java:289)
	at org.eclipse.core.internal.jobs.Worker.run(Worker.java:63)

[Error - 1:42:30 AM] Mar 1, 2024, 1:42:30 AM failed to send diagnostics
src/main/java/com.ontariotechu.sofe3980U [in BinaryCalculatorWebapp] is not on its project's build path
Java Model Exception: Error in Java Model (code 1006): src/main/java/com.ontariotechu.sofe3980U [in BinaryCalculatorWebapp] is not on its project's build path
	at org.eclipse.jdt.internal.core.JavaElement.newJavaModelException(JavaElement.java:584)
	at org.eclipse.jdt.internal.core.Openable.generateInfos(Openable.java:254)
	at org.eclipse.jdt.internal.core.Openable.openAncestors(Openable.java:528)
	at org.eclipse.jdt.internal.core.Openable.generateInfos(Openable.java:248)
	at org.eclipse.jdt.internal.core.Openable.openAncestors(Openable.java:528)
	at org.eclipse.jdt.internal.core.CompilationUnit.openAncestors(CompilationUnit.java:1246)
	at org.eclipse.jdt.internal.core.Openable.generateInfos(Openable.java:248)
	at org.eclipse.jdt.internal.core.JavaElement.openWhenClosed(JavaElement.java:597)
	at org.eclipse.jdt.internal.core.JavaElement.getElementInfo(JavaElement.java:328)
	at org.eclipse.jdt.internal.core.JavaElement.getElementInfo(JavaElement.java:314)
	at org.eclipse.jdt.internal.core.Openable.getBuffer(Openable.java:296)
	at org.eclipse.jdt.ls.core.internal.handlers.WorkspaceDiagnosticsHandler.visit(WorkspaceDiagnosticsHandler.java:183)
	at org.eclipse.core.internal.events.ResourceDelta.accept(ResourceDelta.java:67)
	at org.eclipse.core.internal.events.ResourceDelta.accept(ResourceDelta.java:77)
	at org.eclipse.core.internal.events.ResourceDelta.accept(ResourceDelta.java:77)
	at org.eclipse.core.internal.events.ResourceDelta.accept(ResourceDelta.java:77)
	at org.eclipse.core.internal.events.ResourceDelta.accept(ResourceDelta.java:77)
	at org.eclipse.core.internal.events.ResourceDelta.accept(ResourceDelta.java:77)
	at org.eclipse.core.internal.events.ResourceDelta.accept(ResourceDelta.java:77)
	at org.eclipse.core.internal.events.ResourceDelta.accept(ResourceDelta.java:51)
	at org.eclipse.jdt.ls.core.internal.handlers.WorkspaceDiagnosticsHandler.resourceChanged(WorkspaceDiagnosticsHandler.java:108)
	at org.eclipse.core.internal.events.NotificationManager$1.run(NotificationManager.java:307)
	at org.eclipse.core.runtime.SafeRunner.run(SafeRunner.java:45)
	at org.eclipse.core.internal.events.NotificationManager.notify(NotificationManager.java:297)
	at org.eclipse.core.internal.events.NotificationManager.broadcastChanges(NotificationManager.java:160)
	at org.eclipse.core.internal.resources.Workspace.broadcastPostChange(Workspace.java:388)
	at org.eclipse.core.internal.resources.Workspace.endOperation(Workspace.java:1516)
	at org.eclipse.core.internal.events.AutoBuildJob.doBuild(AutoBuildJob.java:210)
	at org.eclipse.core.internal.events.AutoBuildJob.run(AutoBuildJob.java:289)
	at org.eclipse.core.internal.jobs.Worker.run(Worker.java:63)

[Error - 1:42:31 AM] Mar 1, 2024, 1:42:31 AM failed to send diagnostics
src/main/java/com.ontariotechu.sofe3980U [in BinaryCalculatorWebapp] is not on its project's build path
Java Model Exception: Error in Java Model (code 1006): src/main/java/com.ontariotechu.sofe3980U [in BinaryCalculatorWebapp] is not on its project's build path
	at org.eclipse.jdt.internal.core.JavaElement.newJavaModelException(JavaElement.java:584)
	at org.eclipse.jdt.internal.core.Openable.generateInfos(Openable.java:254)
	at org.eclipse.jdt.internal.core.Openable.openAncestors(Openable.java:528)
	at org.eclipse.jdt.internal.core.Openable.generateInfos(Openable.java:248)
	at org.eclipse.jdt.internal.core.Openable.openAncestors(Openable.java:528)
	at org.eclipse.jdt.internal.core.CompilationUnit.openAncestors(CompilationUnit.java:1246)
	at org.eclipse.jdt.internal.core.Openable.generateInfos(Openable.java:248)
	at org.eclipse.jdt.internal.core.JavaElement.openWhenClosed(JavaElement.java:597)
	at org.eclipse.jdt.internal.core.JavaElement.getElementInfo(JavaElement.java:328)
	at org.eclipse.jdt.internal.core.JavaElement.getElementInfo(JavaElement.java:314)
	at org.eclipse.jdt.internal.core.Openable.getBuffer(Openable.java:296)
	at org.eclipse.jdt.ls.core.internal.handlers.WorkspaceDiagnosticsHandler.visit(WorkspaceDiagnosticsHandler.java:183)
	at org.eclipse.core.internal.events.ResourceDelta.accept(ResourceDelta.java:67)
	at org.eclipse.core.internal.events.ResourceDelta.accept(ResourceDelta.java:77)
	at org.eclipse.core.internal.events.ResourceDelta.accept(ResourceDelta.java:77)
	at org.eclipse.core.internal.events.ResourceDelta.accept(ResourceDelta.java:77)
	at org.eclipse.core.internal.events.ResourceDelta.accept(ResourceDelta.java:77)
	at org.eclipse.core.internal.events.ResourceDelta.accept(ResourceDelta.java:77)
	at org.eclipse.core.internal.events.ResourceDelta.accept(ResourceDelta.java:77)
	at org.eclipse.core.internal.events.ResourceDelta.accept(ResourceDelta.java:51)
	at org.eclipse.jdt.ls.core.internal.handlers.WorkspaceDiagnosticsHandler.resourceChanged(WorkspaceDiagnosticsHandler.java:108)
	at org.eclipse.core.internal.events.NotificationManager$1.run(NotificationManager.java:307)
	at org.eclipse.core.runtime.SafeRunner.run(SafeRunner.java:45)
	at org.eclipse.core.internal.events.NotificationManager.notify(NotificationManager.java:297)
	at org.eclipse.core.internal.events.NotificationManager.broadcastChanges(NotificationManager.java:160)
	at org.eclipse.core.internal.resources.Workspace.broadcastPostChange(Workspace.java:388)
	at org.eclipse.core.internal.resources.Workspace.endOperation(Workspace.java:1516)
	at org.eclipse.core.internal.events.AutoBuildJob.doBuild(AutoBuildJob.java:210)
	at org.eclipse.core.internal.events.AutoBuildJob.run(AutoBuildJob.java:289)
	at org.eclipse.core.internal.jobs.Worker.run(Worker.java:63)

[Error - 1:42:31 AM] Mar 1, 2024, 1:42:31 AM failed to send diagnostics
src/main/java/com.ontariotechu.sofe3980U [in BinaryCalculatorWebapp] is not on its project's build path
Java Model Exception: Error in Java Model (code 1006): src/main/java/com.ontariotechu.sofe3980U [in BinaryCalculatorWebapp] is not on its project's build path
	at org.eclipse.jdt.internal.core.JavaElement.newJavaModelException(JavaElement.java:584)
	at org.eclipse.jdt.internal.core.Openable.generateInfos(Openable.java:254)
	at org.eclipse.jdt.internal.core.Openable.openAncestors(Openable.java:528)
	at org.eclipse.jdt.internal.core.Openable.generateInfos(Openable.java:248)
	at org.eclipse.jdt.internal.core.Openable.openAncestors(Openable.java:528)
	at org.eclipse.jdt.internal.core.CompilationUnit.openAncestors(CompilationUnit.java:1246)
	at org.eclipse.jdt.internal.core.Openable.generateInfos(Openable.java:248)
	at org.eclipse.jdt.internal.core.JavaElement.openWhenClosed(JavaElement.java:597)
	at org.eclipse.jdt.internal.core.JavaElement.getElementInfo(JavaElement.java:328)
	at org.eclipse.jdt.internal.core.JavaElement.getElementInfo(JavaElement.java:314)
	at org.eclipse.jdt.internal.core.Openable.getBuffer(Openable.java:296)
	at org.eclipse.jdt.ls.core.internal.handlers.WorkspaceDiagnosticsHandler.visit(WorkspaceDiagnosticsHandler.java:183)
	at org.eclipse.core.internal.events.ResourceDelta.accept(ResourceDelta.java:67)
	at org.eclipse.core.internal.events.ResourceDelta.accept(ResourceDelta.java:77)
	at org.eclipse.core.internal.events.ResourceDelta.accept(ResourceDelta.java:77)
	at org.eclipse.core.internal.events.ResourceDelta.accept(ResourceDelta.java:77)
	at org.eclipse.core.internal.events.ResourceDelta.accept(ResourceDelta.java:77)
	at org.eclipse.core.internal.events.ResourceDelta.accept(ResourceDelta.java:77)
	at org.eclipse.core.internal.events.ResourceDelta.accept(ResourceDelta.java:77)
	at org.eclipse.core.internal.events.ResourceDelta.accept(ResourceDelta.java:51)
	at org.eclipse.jdt.ls.core.internal.handlers.WorkspaceDiagnosticsHandler.resourceChanged(WorkspaceDiagnosticsHandler.java:108)
	at org.eclipse.core.internal.events.NotificationManager$1.run(NotificationManager.java:307)
	at org.eclipse.core.runtime.SafeRunner.run(SafeRunner.java:45)
	at org.eclipse.core.internal.events.NotificationManager.notify(NotificationManager.java:297)
	at org.eclipse.core.internal.events.NotificationManager.broadcastChanges(NotificationManager.java:160)
	at org.eclipse.core.internal.resources.Workspace.broadcastPostChange(Workspace.java:388)
	at org.eclipse.core.internal.resources.Workspace.endOperation(Workspace.java:1516)
	at org.eclipse.core.internal.events.AutoBuildJob.doBuild(AutoBuildJob.java:210)
	at org.eclipse.core.internal.events.AutoBuildJob.run(AutoBuildJob.java:289)
	at org.eclipse.core.internal.jobs.Worker.run(Worker.java:63)

[Error - 1:42:32 AM] Mar 1, 2024, 1:42:32 AM src/main/java/com.ontariotechu.sofe3980U [in BinaryCalculatorWebapp] does not exist
src/main/java/com.ontariotechu.sofe3980U [in BinaryCalculatorWebapp] does not exist
Java Model Exception: Error in Java Model (code 969): src/main/java/com.ontariotechu.sofe3980U [in BinaryCalculatorWebapp] does not exist
	at org.eclipse.jdt.internal.core.JavaElement.newNotPresentException(JavaElement.java:574)
	at org.eclipse.jdt.internal.core.PackageFragmentRoot.getUnderlyingResource(PackageFragmentRoot.java:761)
	at org.eclipse.jdt.internal.core.PackageFragment.getUnderlyingResource(PackageFragment.java:426)
	at org.eclipse.jdt.internal.core.Openable.getUnderlyingResource(Openable.java:349)
	at org.eclipse.jdt.internal.core.CompilationUnit.getUnderlyingResource(CompilationUnit.java:986)
	at org.eclipse.jdt.ls.core.internal.handlers.BaseDiagnosticsHandler.collectNonJavaProblems(BaseDiagnosticsHandler.java:149)
	at org.eclipse.jdt.ls.core.internal.handlers.BaseDiagnosticsHandler.endReporting(BaseDiagnosticsHandler.java:135)
	at org.eclipse.jdt.internal.core.ReconcileWorkingCopyOperation.reportProblems(ReconcileWorkingCopyOperation.java:148)
	at org.eclipse.jdt.internal.core.ReconcileWorkingCopyOperation.executeOperation(ReconcileWorkingCopyOperation.java:112)
	at org.eclipse.jdt.internal.core.JavaModelOperation.run(JavaModelOperation.java:740)
	at org.eclipse.jdt.internal.core.JavaModelOperation.runOperation(JavaModelOperation.java:806)
	at org.eclipse.jdt.internal.core.CompilationUnit.reconcile(CompilationUnit.java:1325)
	at org.eclipse.jdt.ls.core.internal.handlers.BaseDocumentLifeCycleHandler.publishDiagnostics(BaseDocumentLifeCycleHandler.java:320)
	at org.eclipse.jdt.ls.core.internal.handlers.BaseDocumentLifeCycleHandler.publishDiagnostics(BaseDocumentLifeCycleHandler.java:283)
	at org.eclipse.jdt.ls.core.internal.handlers.BaseDocumentLifeCycleHandler$PublishDiagnosticJob.run(BaseDocumentLifeCycleHandler.java:733)
	at org.eclipse.core.internal.jobs.Worker.run(Worker.java:63)

[Error - 1:44:16 AM] Mar 1, 2024, 1:44:16 AM failed to send diagnostics
src/test/java/com.ontariotechu.sofe3980U [in BinaryCalculatorWebapp] is not on its project's build path
Java Model Exception: Error in Java Model (code 1006): src/test/java/com.ontariotechu.sofe3980U [in BinaryCalculatorWebapp] is not on its project's build path
	at org.eclipse.jdt.internal.core.JavaElement.newJavaModelException(JavaElement.java:584)
	at org.eclipse.jdt.internal.core.Openable.generateInfos(Openable.java:254)
	at org.eclipse.jdt.internal.core.Openable.openAncestors(Openable.java:528)
	at org.eclipse.jdt.internal.core.Openable.generateInfos(Openable.java:248)
	at org.eclipse.jdt.internal.core.Openable.openAncestors(Openable.java:528)
	at org.eclipse.jdt.internal.core.CompilationUnit.openAncestors(CompilationUnit.java:1246)
	at org.eclipse.jdt.internal.core.Openable.generateInfos(Openable.java:248)
	at org.eclipse.jdt.internal.core.JavaElement.openWhenClosed(JavaElement.java:597)
	at org.eclipse.jdt.internal.core.JavaElement.getElementInfo(JavaElement.java:328)
	at org.eclipse.jdt.internal.core.JavaElement.getElementInfo(JavaElement.java:314)
	at org.eclipse.jdt.internal.core.Openable.getBuffer(Openable.java:296)
	at org.eclipse.jdt.ls.core.internal.handlers.WorkspaceDiagnosticsHandler.visit(WorkspaceDiagnosticsHandler.java:183)
	at org.eclipse.core.internal.events.ResourceDelta.accept(ResourceDelta.java:67)
	at org.eclipse.core.internal.events.ResourceDelta.accept(ResourceDelta.java:77)
	at org.eclipse.core.internal.events.ResourceDelta.accept(ResourceDelta.java:77)
	at org.eclipse.core.internal.events.ResourceDelta.accept(ResourceDelta.java:77)
	at org.eclipse.core.internal.events.ResourceDelta.accept(ResourceDelta.java:77)
	at org.eclipse.core.internal.events.ResourceDelta.accept(ResourceDelta.java:77)
	at org.eclipse.core.internal.events.ResourceDelta.accept(ResourceDelta.java:77)
	at org.eclipse.core.internal.events.ResourceDelta.accept(ResourceDelta.java:51)
	at org.eclipse.jdt.ls.core.internal.handlers.WorkspaceDiagnosticsHandler.resourceChanged(WorkspaceDiagnosticsHandler.java:108)
	at org.eclipse.core.internal.events.NotificationManager$1.run(NotificationManager.java:307)
	at org.eclipse.core.runtime.SafeRunner.run(SafeRunner.java:45)
	at org.eclipse.core.internal.events.NotificationManager.notify(NotificationManager.java:297)
	at org.eclipse.core.internal.events.NotificationManager.broadcastChanges(NotificationManager.java:160)
	at org.eclipse.core.internal.resources.Workspace.broadcastPostChange(Workspace.java:388)
	at org.eclipse.core.internal.resources.Workspace.endOperation(Workspace.java:1516)
	at org.eclipse.core.internal.events.AutoBuildJob.doBuild(AutoBuildJob.java:210)
	at org.eclipse.core.internal.events.AutoBuildJob.run(AutoBuildJob.java:289)
	at org.eclipse.core.internal.jobs.Worker.run(Worker.java:63)

[Error - 1:44:18 AM] Mar 1, 2024, 1:44:18 AM failed to send diagnostics
src/test/java/com.ontariotechu.sofe3980U [in BinaryCalculatorWebapp] is not on its project's build path
Java Model Exception: Error in Java Model (code 1006): src/test/java/com.ontariotechu.sofe3980U [in BinaryCalculatorWebapp] is not on its project's build path
	at org.eclipse.jdt.internal.core.JavaElement.newJavaModelException(JavaElement.java:584)
	at org.eclipse.jdt.internal.core.Openable.generateInfos(Openable.java:254)
	at org.eclipse.jdt.internal.core.Openable.openAncestors(Openable.java:528)
	at org.eclipse.jdt.internal.core.Openable.generateInfos(Openable.java:248)
	at org.eclipse.jdt.internal.core.Openable.openAncestors(Openable.java:528)
	at org.eclipse.jdt.internal.core.CompilationUnit.openAncestors(CompilationUnit.java:1246)
	at org.eclipse.jdt.internal.core.Openable.generateInfos(Openable.java:248)
	at org.eclipse.jdt.internal.core.JavaElement.openWhenClosed(JavaElement.java:597)
	at org.eclipse.jdt.internal.core.JavaElement.getElementInfo(JavaElement.java:328)
	at org.eclipse.jdt.internal.core.JavaElement.getElementInfo(JavaElement.java:314)
	at org.eclipse.jdt.internal.core.Openable.getBuffer(Openable.java:296)
	at org.eclipse.jdt.ls.core.internal.handlers.WorkspaceDiagnosticsHandler.visit(WorkspaceDiagnosticsHandler.java:183)
	at org.eclipse.core.internal.events.ResourceDelta.accept(ResourceDelta.java:67)
	at org.eclipse.core.internal.events.ResourceDelta.accept(ResourceDelta.java:77)
	at org.eclipse.core.internal.events.ResourceDelta.accept(ResourceDelta.java:77)
	at org.eclipse.core.internal.events.ResourceDelta.accept(ResourceDelta.java:77)
	at org.eclipse.core.internal.events.ResourceDelta.accept(ResourceDelta.java:77)
	at org.eclipse.core.internal.events.ResourceDelta.accept(ResourceDelta.java:77)
	at org.eclipse.core.internal.events.ResourceDelta.accept(ResourceDelta.java:77)
	at org.eclipse.core.internal.events.ResourceDelta.accept(ResourceDelta.java:51)
	at org.eclipse.jdt.ls.core.internal.handlers.WorkspaceDiagnosticsHandler.resourceChanged(WorkspaceDiagnosticsHandler.java:108)
	at org.eclipse.core.internal.events.NotificationManager$1.run(NotificationManager.java:307)
	at org.eclipse.core.runtime.SafeRunner.run(SafeRunner.java:45)
	at org.eclipse.core.internal.events.NotificationManager.notify(NotificationManager.java:297)
	at org.eclipse.core.internal.events.NotificationManager.broadcastChanges(NotificationManager.java:160)
	at org.eclipse.core.internal.resources.Workspace.broadcastPostChange(Workspace.java:388)
	at org.eclipse.core.internal.resources.Workspace.endOperation(Workspace.java:1516)
	at org.eclipse.core.internal.events.AutoBuildJob.doBuild(AutoBuildJob.java:210)
	at org.eclipse.core.internal.events.AutoBuildJob.run(AutoBuildJob.java:289)
	at org.eclipse.core.internal.jobs.Worker.run(Worker.java:63)

[Error - 1:44:19 AM] Mar 1, 2024, 1:44:19 AM failed to send diagnostics
src/test/java/com.ontariotechu.sofe3980U [in BinaryCalculatorWebapp] is not on its project's build path
Java Model Exception: Error in Java Model (code 1006): src/test/java/com.ontariotechu.sofe3980U [in BinaryCalculatorWebapp] is not on its project's build path
	at org.eclipse.jdt.internal.core.JavaElement.newJavaModelException(JavaElement.java:584)
	at org.eclipse.jdt.internal.core.Openable.generateInfos(Openable.java:254)
	at org.eclipse.jdt.internal.core.Openable.openAncestors(Openable.java:528)
	at org.eclipse.jdt.internal.core.Openable.generateInfos(Openable.java:248)
	at org.eclipse.jdt.internal.core.Openable.openAncestors(Openable.java:528)
	at org.eclipse.jdt.internal.core.CompilationUnit.openAncestors(CompilationUnit.java:1246)
	at org.eclipse.jdt.internal.core.Openable.generateInfos(Openable.java:248)
	at org.eclipse.jdt.internal.core.JavaElement.openWhenClosed(JavaElement.java:597)
	at org.eclipse.jdt.internal.core.JavaElement.getElementInfo(JavaElement.java:328)
	at org.eclipse.jdt.internal.core.JavaElement.getElementInfo(JavaElement.java:314)
	at org.eclipse.jdt.internal.core.Openable.getBuffer(Openable.java:296)
	at org.eclipse.jdt.ls.core.internal.handlers.WorkspaceDiagnosticsHandler.visit(WorkspaceDiagnosticsHandler.java:183)
	at org.eclipse.core.internal.events.ResourceDelta.accept(ResourceDelta.java:67)
	at org.eclipse.core.internal.events.ResourceDelta.accept(ResourceDelta.java:77)
	at org.eclipse.core.internal.events.ResourceDelta.accept(ResourceDelta.java:77)
	at org.eclipse.core.internal.events.ResourceDelta.accept(ResourceDelta.java:77)
	at org.eclipse.core.internal.events.ResourceDelta.accept(ResourceDelta.java:77)
	at org.eclipse.core.internal.events.ResourceDelta.accept(ResourceDelta.java:77)
	at org.eclipse.core.internal.events.ResourceDelta.accept(ResourceDelta.java:77)
	at org.eclipse.core.internal.events.ResourceDelta.accept(ResourceDelta.java:51)
	at org.eclipse.jdt.ls.core.internal.handlers.WorkspaceDiagnosticsHandler.resourceChanged(WorkspaceDiagnosticsHandler.java:108)
	at org.eclipse.core.internal.events.NotificationManager$1.run(NotificationManager.java:307)
	at org.eclipse.core.runtime.SafeRunner.run(SafeRunner.java:45)
	at org.eclipse.core.internal.events.NotificationManager.notify(NotificationManager.java:297)
	at org.eclipse.core.internal.events.NotificationManager.broadcastChanges(NotificationManager.java:160)
	at org.eclipse.core.internal.resources.Workspace.broadcastPostChange(Workspace.java:388)
	at org.eclipse.core.internal.resources.Workspace.endOperation(Workspace.java:1516)
	at org.eclipse.core.internal.events.AutoBuildJob.doBuild(AutoBuildJob.java:210)
	at org.eclipse.core.internal.events.AutoBuildJob.run(AutoBuildJob.java:289)
	at org.eclipse.core.internal.jobs.Worker.run(Worker.java:63)

[Error - 1:44:20 AM] Mar 1, 2024, 1:44:20 AM src/test/java/com.ontariotechu.sofe3980U [in BinaryCalculatorWebapp] does not exist
src/test/java/com.ontariotechu.sofe3980U [in BinaryCalculatorWebapp] does not exist
Java Model Exception: Error in Java Model (code 969): src/test/java/com.ontariotechu.sofe3980U [in BinaryCalculatorWebapp] does not exist
	at org.eclipse.jdt.internal.core.JavaElement.newNotPresentException(JavaElement.java:574)
	at org.eclipse.jdt.internal.core.PackageFragmentRoot.getUnderlyingResource(PackageFragmentRoot.java:761)
	at org.eclipse.jdt.internal.core.PackageFragment.getUnderlyingResource(PackageFragment.java:426)
	at org.eclipse.jdt.internal.core.Openable.getUnderlyingResource(Openable.java:349)
	at org.eclipse.jdt.internal.core.CompilationUnit.getUnderlyingResource(CompilationUnit.java:986)
	at org.eclipse.jdt.ls.core.internal.handlers.BaseDiagnosticsHandler.collectNonJavaProblems(BaseDiagnosticsHandler.java:149)
	at org.eclipse.jdt.ls.core.internal.handlers.BaseDiagnosticsHandler.endReporting(BaseDiagnosticsHandler.java:135)
	at org.eclipse.jdt.internal.core.ReconcileWorkingCopyOperation.reportProblems(ReconcileWorkingCopyOperation.java:148)
	at org.eclipse.jdt.internal.core.ReconcileWorkingCopyOperation.executeOperation(ReconcileWorkingCopyOperation.java:112)
	at org.eclipse.jdt.internal.core.JavaModelOperation.run(JavaModelOperation.java:740)
	at org.eclipse.jdt.internal.core.JavaModelOperation.runOperation(JavaModelOperation.java:806)
	at org.eclipse.jdt.internal.core.CompilationUnit.reconcile(CompilationUnit.java:1325)
	at org.eclipse.jdt.ls.core.internal.handlers.BaseDocumentLifeCycleHandler.publishDiagnostics(BaseDocumentLifeCycleHandler.java:320)
	at org.eclipse.jdt.ls.core.internal.handlers.BaseDocumentLifeCycleHandler.publishDiagnostics(BaseDocumentLifeCycleHandler.java:283)
	at org.eclipse.jdt.ls.core.internal.handlers.BaseDocumentLifeCycleHandler$PublishDiagnosticJob.run(BaseDocumentLifeCycleHandler.java:733)
	at org.eclipse.core.internal.jobs.Worker.run(Worker.java:63)

[Error - 1:44:20 AM] Mar 1, 2024, 1:44:20 AM failed to send diagnostics
src/test/java/com.ontariotechu.sofe3980U [in BinaryCalculatorWebapp] is not on its project's build path
Java Model Exception: Error in Java Model (code 1006): src/test/java/com.ontariotechu.sofe3980U [in BinaryCalculatorWebapp] is not on its project's build path
	at org.eclipse.jdt.internal.core.JavaElement.newJavaModelException(JavaElement.java:584)
	at org.eclipse.jdt.internal.core.Openable.generateInfos(Openable.java:254)
	at org.eclipse.jdt.internal.core.Openable.openAncestors(Openable.java:528)
	at org.eclipse.jdt.internal.core.Openable.generateInfos(Openable.java:248)
	at org.eclipse.jdt.internal.core.Openable.openAncestors(Openable.java:528)
	at org.eclipse.jdt.internal.core.CompilationUnit.openAncestors(CompilationUnit.java:1246)
	at org.eclipse.jdt.internal.core.Openable.generateInfos(Openable.java:248)
	at org.eclipse.jdt.internal.core.JavaElement.openWhenClosed(JavaElement.java:597)
	at org.eclipse.jdt.internal.core.JavaElement.getElementInfo(JavaElement.java:328)
	at org.eclipse.jdt.internal.core.JavaElement.getElementInfo(JavaElement.java:314)
	at org.eclipse.jdt.internal.core.Openable.getBuffer(Openable.java:296)
	at org.eclipse.jdt.ls.core.internal.handlers.WorkspaceDiagnosticsHandler.visit(WorkspaceDiagnosticsHandler.java:183)
	at org.eclipse.core.internal.events.ResourceDelta.accept(ResourceDelta.java:67)
	at org.eclipse.core.internal.events.ResourceDelta.accept(ResourceDelta.java:77)
	at org.eclipse.core.internal.events.ResourceDelta.accept(ResourceDelta.java:77)
	at org.eclipse.core.internal.events.ResourceDelta.accept(ResourceDelta.java:77)
	at org.eclipse.core.internal.events.ResourceDelta.accept(ResourceDelta.java:77)
	at org.eclipse.core.internal.events.ResourceDelta.accept(ResourceDelta.java:77)
	at org.eclipse.core.internal.events.ResourceDelta.accept(ResourceDelta.java:77)
	at org.eclipse.core.internal.events.ResourceDelta.accept(ResourceDelta.java:51)
	at org.eclipse.jdt.ls.core.internal.handlers.WorkspaceDiagnosticsHandler.resourceChanged(WorkspaceDiagnosticsHandler.java:108)
	at org.eclipse.core.internal.events.NotificationManager$1.run(NotificationManager.java:307)
	at org.eclipse.core.runtime.SafeRunner.run(SafeRunner.java:45)
	at org.eclipse.core.internal.events.NotificationManager.notify(NotificationManager.java:297)
	at org.eclipse.core.internal.events.NotificationManager.broadcastChanges(NotificationManager.java:160)
	at org.eclipse.core.internal.resources.Workspace.broadcastPostChange(Workspace.java:388)
	at org.eclipse.core.internal.resources.Workspace.endOperation(Workspace.java:1516)
	at org.eclipse.core.internal.events.AutoBuildJob.doBuild(AutoBuildJob.java:210)
	at org.eclipse.core.internal.events.AutoBuildJob.run(AutoBuildJob.java:289)
	at org.eclipse.core.internal.jobs.Worker.run(Worker.java:63)

[Error - 1:45:27 AM] Mar 1, 2024, 1:45:27 AM src/test/java/com.ontariotechu.sofe3980U [in BinaryCalculatorWebapp] does not exist
src/test/java/com.ontariotechu.sofe3980U [in BinaryCalculatorWebapp] does not exist
Java Model Exception: Error in Java Model (code 969): src/test/java/com.ontariotechu.sofe3980U [in BinaryCalculatorWebapp] does not exist
	at org.eclipse.jdt.internal.core.JavaElement.newNotPresentException(JavaElement.java:574)
	at org.eclipse.jdt.internal.core.PackageFragmentRoot.getUnderlyingResource(PackageFragmentRoot.java:761)
	at org.eclipse.jdt.internal.core.PackageFragment.getUnderlyingResource(PackageFragment.java:426)
	at org.eclipse.jdt.internal.core.Openable.getUnderlyingResource(Openable.java:349)
	at org.eclipse.jdt.internal.core.CompilationUnit.getUnderlyingResource(CompilationUnit.java:986)
	at org.eclipse.jdt.ls.core.internal.handlers.BaseDiagnosticsHandler.collectNonJavaProblems(BaseDiagnosticsHandler.java:149)
	at org.eclipse.jdt.ls.core.internal.handlers.BaseDiagnosticsHandler.endReporting(BaseDiagnosticsHandler.java:135)
	at org.eclipse.jdt.internal.core.ReconcileWorkingCopyOperation.reportProblems(ReconcileWorkingCopyOperation.java:148)
	at org.eclipse.jdt.internal.core.ReconcileWorkingCopyOperation.executeOperation(ReconcileWorkingCopyOperation.java:112)
	at org.eclipse.jdt.internal.core.JavaModelOperation.run(JavaModelOperation.java:740)
	at org.eclipse.jdt.internal.core.JavaModelOperation.runOperation(JavaModelOperation.java:806)
	at org.eclipse.jdt.internal.core.CompilationUnit.reconcile(CompilationUnit.java:1325)
	at org.eclipse.jdt.ls.core.internal.handlers.BaseDocumentLifeCycleHandler.publishDiagnostics(BaseDocumentLifeCycleHandler.java:320)
	at org.eclipse.jdt.ls.core.internal.handlers.BaseDocumentLifeCycleHandler.publishDiagnostics(BaseDocumentLifeCycleHandler.java:283)
	at org.eclipse.jdt.ls.core.internal.handlers.BaseDocumentLifeCycleHandler$PublishDiagnosticJob.run(BaseDocumentLifeCycleHandler.java:733)
	at org.eclipse.core.internal.jobs.Worker.run(Worker.java:63)

