Initializing document watcher...
Document watcher initialized
SOFE3980U-Lab3/BinaryCalculatorWebapp/src/main/java/com.ontariotechu.sofe3980U/APIResult.java: {}
SOFE3980U-Lab3/BinaryCalculatorWebapp/src/main/java/com.ontariotechu.sofe3980U/APIResult.java: {}
SOFE3980U-Lab3/BinaryCalculatorWebapp/src/main/java/com.ontariotechu.sofe3980U/APIResult.java: {}
SOFE3980U-Lab3/BinaryCalculatorWebapp/src/main/resources/templates/calculator.html: {}
SOFE3980U-Lab3/BinaryCalculatorWebapp/src/main/resources/templates/calculator.html: {}
SOFE3980U-Lab3/BinaryCalculatorWebapp/src/main/webapp/index.jsp: {}
SOFE3980U-Lab3/BinaryCalculatorWebapp/src/main/webapp/index.jsp: {}
SOFE3980U-Lab3/BinaryCalculatorWebapp/src/main/webapp/WEB-INF/web.xml: {}
SOFE3980U-Lab3/BinaryCalculatorWebapp/src/main/webapp/WEB-INF/web.xml: {}
SOFE3980U-Lab3/BinaryCalculatorWebapp/src/main/webapp/WEB-INF/web.xml: {}
SOFE3980U-Lab3/BinaryCalculatorWebapp/src/test/java/com.ontariotechu.sofe3980U/BinaryAPIControllerTest.java: {}
SOFE3980U-Lab3/BinaryCalculatorWebapp/src/test/java/com.ontariotechu.sofe3980U/BinaryAPIControllerTest.java: {}
SOFE3980U-Lab3/BinaryCalculatorWebapp/src/test/java/com.ontariotechu.sofe3980U/BinaryAPIControllerTest.java: {}
No more open editors.
No more open editors.
SOFE3980U-Lab3/BinaryCalculatorWebapp/src/test/java/com.ontariotechu.sofe3980U/BinaryAPIControllerTest.java: {}
No more open editors.
No more open editors.
SOFE3980U-Lab3/BinaryCalculatorWebapp/target/classes/templates/calculator.html: {}
SOFE3980U-Lab3/BinaryCalculatorWebapp/target/classes/templates/calculator.html: {}
SOFE3980U-Lab3/BinaryCalculatorWebapp/target/classes/templates/calculator.html: {}
SOFE3980U-Lab3/BinaryCalculatorWebapp/target/classes/templates/calculator.html: {}
SOFE3980U-Lab3/BinaryCalculatorWebapp/target/surefire-reports/2024-02-16T00-03-44_635-jvmRun1.dump: {}
SOFE3980U-Lab3/BinaryCalculatorWebapp/target/surefire-reports/2024-02-16T00-03-44_635-jvmRun1.dump: {}
SOFE3980U-Lab3/BinaryCalculatorWebapp/target/surefire-reports/2024-02-16T00-03-44_635-jvmRun1.dump: {}
No more open editors.
SOFE3980U-Lab3/BinaryCalculatorWebapp/target/surefire-reports/2024-02-16T00-03-44_635-jvmRun1.dump: {}
No more open editors.
No more open editors.
No more open editors.
No more open editors.
No more open editors.
SOFE3980U-Lab3/BinaryCalculatorWebapp/target/classes/templates/calculator.html: {}
No more open editors.
No more open editors.
No more open editors.
No more open editors.
SOFE3980U-Lab3/MySQL/mysql-deploy.yaml: {}
SOFE3980U-Lab3/MySQL/mysql-service.yaml: {}
SOFE3980U-Lab3/MySQL/mysql-service.yaml: {}
