2024-03-01 02:09:16.689 [info] Log level: Info
2024-03-01 02:09:16.689 [info] Validating found git in: "git"
2024-03-01 02:09:16.689 [info] Using git "2.30.2" from "git"
2024-03-01 02:09:16.689 [info] > git rev-parse --show-toplevel [96ms]
2024-03-01 02:09:16.689 [info] > git rev-parse --git-dir --git-common-dir [9ms]
2024-03-01 02:09:16.689 [info] Open repository: /home/loginemail122333/SOFE3980U-Lab3
2024-03-01 02:09:17.324 [info] > git config --get commit.template [624ms]
2024-03-01 02:09:17.331 [info] > git rev-parse --show-toplevel [623ms]
2024-03-01 02:09:17.351 [info] > git for-each-ref --format=%(refname)%00%(upstream:short)%00%(objectname)%00%(upstream:track)%00%(upstream:remotename)%00%(upstream:remoteref) refs/heads/main refs/remotes/main [10ms]
2024-03-01 02:09:17.363 [info] > git rev-parse --show-toplevel [14ms]
2024-03-01 02:09:17.374 [info] > git status -z -uall [14ms]
2024-03-01 02:09:17.395 [info] > git rev-parse --show-toplevel [22ms]
2024-03-01 02:09:17.403 [info] > git config --get commit.template [8ms]
2024-03-01 02:09:17.441 [info] > git rev-parse --show-toplevel [39ms]
2024-03-01 02:09:17.448 [info] > git for-each-ref --format=%(refname)%00%(upstream:short)%00%(objectname)%00%(upstream:track)%00%(upstream:remotename)%00%(upstream:remoteref) refs/heads/main refs/remotes/main [7ms]
2024-03-01 02:09:17.720 [info] > git status -z -uall [248ms]
2024-03-01 02:09:17.863 [info] > git check-ignore -v -z --stdin [14ms]
2024-03-01 02:09:18.130 [info] > git show --textconv :MySQL/mysql-service.yaml [21ms]
2024-03-01 02:09:18.152 [info] > git ls-files --stage -- /home/loginemail122333/SOFE3980U-Lab3/MySQL/mysql-service.yaml [23ms]
2024-03-01 02:09:18.172 [info] > git cat-file -s 4f86581f19d6f96bcac2f60a18f594a6ac84656a [7ms]
