2024-03-01 22:33:04.190 [info] Extension host with pid 2103 started
2024-03-01 22:33:04.240 [error] Error: EEXIST: file already exists, open '/home/loginemail122333/.codeoss/data/User/workspaceStorage/2a760e76/vscode.lock'
2024-03-01 22:33:04.274 [info] Lock '/home/loginemail122333/.codeoss/data/User/workspaceStorage/2a760e76/vscode.lock': Could not acquire lock, checking if the file is stale.
2024-03-01 22:33:04.276 [info] Lock '/home/loginemail122333/.codeoss/data/User/workspaceStorage/2a760e76/vscode.lock': The pid 2355 appears to be gone.
2024-03-01 22:33:04.276 [info] Lock '/home/loginemail122333/.codeoss/data/User/workspaceStorage/2a760e76/vscode.lock': Deleting a stale lock.
2024-03-01 22:33:04.283 [info] Lock '/home/loginemail122333/.codeoss/data/User/workspaceStorage/2a760e76/vscode.lock': Lock acquired.
2024-03-01 22:33:04.464 [info] ExtensionService#_doActivateExtension vscode.emmet, startup: false, activationEvent: 'onLanguage'
2024-03-01 22:33:04.600 [info] ExtensionService#_doActivateExtension vscode.git-base, startup: true, activationEvent: '*', root cause: vscode.git
2024-03-01 22:33:04.679 [info] ExtensionService#_doActivateExtension vscode.git, startup: true, activationEvent: '*'
2024-03-01 22:33:04.680 [info] ExtensionService#_doActivateExtension vscode.github, startup: true, activationEvent: '*'
2024-03-01 22:33:06.209 [info] ExtensionService#_doActivateExtension vscode.github-authentication, startup: false, activationEvent: 'onAuthenticationRequest:github'
2024-03-01 22:33:06.324 [info] ExtensionService#_doActivateExtension redhat.java, startup: true, activationEvent: 'workspaceContains:*/pom.xml,*/build.gradle,*/settings.gradle,*/build.gradle.kts,*/settings.gradle.kts,*/.classpath', root cause: vscjava.vscode-java-test
2024-03-01 22:33:06.325 [info] ExtensionService#_doActivateExtension vscjava.vscode-java-debug, startup: true, activationEvent: 'workspaceContains:*/pom.xml,*/build.gradle,*/settings.gradle,*/build.gradle.kts,*/settings.gradle.kts,*/.classpath', root cause: vscjava.vscode-java-test
2024-03-01 22:33:06.325 [info] ExtensionService#_doActivateExtension vscjava.vscode-java-dependency, startup: true, activationEvent: 'workspaceContains:*/pom.xml,*/build.gradle,*/settings.gradle,*/build.gradle.kts,*/settings.gradle.kts,*/.classpath'
2024-03-01 22:33:06.325 [info] ExtensionService#_doActivateExtension redhat.fabric8-analytics, startup: true, activationEvent: 'workspaceContains:**/package.json,**/pom.xml,**/requirements.txt,**/go.mod'
2024-03-01 22:33:06.326 [info] ExtensionService#_doActivateExtension vscjava.vscode-maven, startup: true, activationEvent: 'workspaceContains:**/pom.xml'
2024-03-01 22:33:11.260 [warning] [redhat.java] Accessing a resource scoped configuration without providing a resource is not expected. To get the effective value for '[java]', provide the URI of a resource or 'null' for any resource.
2024-03-01 22:33:11.305 [info] ExtensionService#_doActivateExtension vscjava.vscode-java-test, startup: true, activationEvent: 'workspaceContains:*/pom.xml,*/build.gradle,*/settings.gradle,*/build.gradle.kts,*/settings.gradle.kts,*/.classpath'
2024-03-01 22:33:11.654 [warning] [redhat.java] Accessing a resource scoped configuration without providing a resource is not expected. To get the effective value for '[java]', provide the URI of a resource or 'null' for any resource.
2024-03-01 22:33:14.609 [info] ExtensionService#_doActivateExtension EditorConfig.EditorConfig, startup: false, activationEvent: 'onStartupFinished'
2024-03-01 22:33:14.609 [info] ExtensionService#_doActivateExtension google.cloud-shell, startup: false, activationEvent: 'onStartupFinished'
2024-03-01 22:33:14.610 [info] ExtensionService#_doActivateExtension googlecloudtools.cloudcode, startup: false, activationEvent: 'onStartupFinished'
2024-03-01 22:33:14.610 [info] ExtensionService#_doActivateExtension vscode.debug-auto-launch, startup: false, activationEvent: 'onStartupFinished'
2024-03-01 22:33:14.611 [info] ExtensionService#_doActivateExtension vscode.merge-conflict, startup: false, activationEvent: 'onStartupFinished'
2024-03-01 22:33:19.185 [info] ExtensionService#_doActivateExtension vscode.json-language-features, startup: false, activationEvent: 'onLanguage:jsonc'
2024-03-01 22:33:19.185 [info] ExtensionService#_doActivateExtension vscode.typescript-language-features, startup: false, activationEvent: 'onLanguage:jsonc'
2024-03-01 22:33:31.188 [info] Eager extensions activated
