0 verbose cli /usr/local/nvm/versions/node/v20.11.0/bin/node /usr/local/nvm/versions/node/v20.11.0/bin/npm
1 info using npm@10.4.0
2 info using node@v20.11.0
3 timing npm:load:whichnode Completed in 35ms
4 timing config:load:defaults Completed in 3ms
5 timing config:load:file:/usr/local/nvm/versions/node/v20.11.0/lib/node_modules/npm/npmrc Completed in 1ms
6 timing config:load:builtin Completed in 1ms
7 timing config:load:cli Completed in 6ms
8 timing config:load:env Completed in 0ms
9 timing config:load:file:/google/devshell/editor/code-oss-for-cloud-shell/.npmrc Completed in 0ms
10 timing config:load:project Completed in 2ms
11 timing config:load:file:/home/loginemail122333/.npmrc Completed in 2ms
12 timing config:load:user Completed in 2ms
13 timing config:load:file:/usr/local/nvm/versions/node/v20.11.0/etc/npmrc Completed in 2ms
14 timing config:load:global Completed in 2ms
15 timing config:load:setEnvs Completed in 1ms
16 timing config:load Completed in 18ms
17 timing npm:load:configload Completed in 18ms
18 timing config:load:flatten Completed in 5ms
19 timing npm:load:mkdirpcache Completed in 8ms
20 timing npm:load:mkdirplogs Completed in 0ms
21 verbose title npm config get prefix
22 verbose argv "config" "--loglevel" "warn" "get" "prefix"
23 timing npm:load:setTitle Completed in 1ms
24 timing npm:load:display Completed in 1ms
25 verbose logfile logs-max:10 dir:/home/loginemail122333/.npm/_logs/2024-03-01T22_31_37_211Z-
26 verbose logfile /home/loginemail122333/.npm/_logs/2024-03-01T22_31_37_211Z-debug-0.log
27 timing npm:load:logFile Completed in 27ms
28 timing npm:load:timers Completed in 1ms
29 timing npm:load:configScope Completed in 0ms
30 timing npm:load Completed in 155ms
31 timing command:config Completed in 13ms
32 verbose exit 0
33 timing npm Completed in 238ms
34 info ok
